#
# There is insufficient memory for the Java Runtime Environment to continue.
# Native memory allocation (malloc) failed to allocate 1875376 bytes for Chunk::new
# Possible reasons:
#   The system is out of physical RAM or swap space
#   The process is running with CompressedOops enabled, and the Java Heap may be blocking the growth of the native heap
# Possible solutions:
#   Reduce memory load on the system
#   Increase physical memory or swap space
#   Check if swap backing store is full
#   Decrease Java heap size (-Xmx/-Xms)
#   Decrease number of Java threads
#   Decrease Java thread stack sizes (-Xss)
#   Set larger code cache with -XX:ReservedCodeCacheSize=
#   JVM is running with Unscaled Compressed Oops mode in which the Java heap is
#     placed in the first 4GB address space. The Java Heap base address is the
#     maximum limit for the native heap growth. Please use -XX:HeapBaseMinAddress
#     to set the Java Heap base and to place the Java Heap above 4GB virtual address.
# This output file may be truncated or incomplete.
#
#  Out of Memory Error (./src/hotspot/share/memory/arena.cpp:197), pid=8204, tid=8764
#
# JRE version: OpenJDK Runtime Environment (11.0.13) (build 11.0.13+0-b1751.21-8125866)
# Java VM: OpenJDK 64-Bit Server VM (11.0.13+0-b1751.21-8125866, mixed mode, tiered, compressed oops, g1 gc, windows-amd64)
# No core dump will be written. Minidumps are not enabled by default on client versions of Windows
#

---------------  S U M M A R Y ------------

Command Line: -Djava.awt.headless=true -Djava.util.logging.config.file=C:\Users\HP\.android\utp\logging5878813562138568666properties -Dfile.encoding=UTF-8 -Duser.country=US -Duser.language=en -Duser.variant com.google.testing.platform.launcher.Launcher C:\Users\HP\.gradle\caches\modules-2\files-2.1\com.google.testing.platform\core\0.0.8-alpha07\185ff5f0c2380a7a283320bc5ec9130dbcbbb030\core-0.0.8-alpha07.jar --proto_config=C:\Users\HP\.android\utp\runnerConfig8617743421269202573.pb --proto_server_config=C:\Users\HP\.android\utp\serverConfig7312468284857810069.pb

Host: Intel(R) Core(TM) i3-8145U CPU @ 2.10GHz, 4 cores, 7G,  Windows 11 , 64 bit Build 22000 (10.0.22000.1516)
Time: Wed May 10 03:28:34 2023 Bangladesh Standard Time elapsed time: 3.920771 seconds (0d 0h 0m 3s)

---------------  T H R E A D  ---------------

Current thread (0x000002de7cc28800):  JavaThread "C2 CompilerThread1" daemon [_thread_in_native, id=8764, stack(0x000000e4ed200000,0x000000e4ed300000)]


Current CompileTask:
C2:   3920 1631   !   4       jdk.internal.loader.BuiltinClassLoader::loadClassOrNull (143 bytes)

Stack: [0x000000e4ed200000,0x000000e4ed300000]
Native frames: (J=compiled Java code, j=interpreted, Vv=VM code, C=native code)
V  [jvm.dll+0x6100fa]
V  [jvm.dll+0x747090]
V  [jvm.dll+0x7486ad]
V  [jvm.dll+0x748d83]
V  [jvm.dll+0x24ab48]
V  [jvm.dll+0xc04dc]
V  [jvm.dll+0xc0a0c]
V  [jvm.dll+0x35eb9d]
V  [jvm.dll+0x19d9bc]
V  [jvm.dll+0x2033be]
V  [jvm.dll+0x202437]
V  [jvm.dll+0x188e01]
V  [jvm.dll+0x21106b]
V  [jvm.dll+0x20f8c1]
V  [jvm.dll+0x70de0f]
V  [jvm.dll+0x706a75]
V  [jvm.dll+0x60ed66]
C  [ucrtbase.dll+0x26c0c]
C  [KERNEL32.DLL+0x155a0]
C  [ntdll.dll+0x485b]


---------------  P R O C E S S  ---------------

Threads class SMR info:
_java_thread_list=0x000002de7ed1fdc0, length=18, elements={
0x000002de6030e000, 0x000002de7bdd7800, 0x000002de7bde1000, 0x000002de7c762800,
0x000002de7bdf8800, 0x000002de7bdfa800, 0x000002de7bdfc000, 0x000002de7be03000,
0x000002de7be07800, 0x000002de7c8b4000, 0x000002de7cc28800, 0x000002de7e345000,
0x000002de7e342800, 0x000002de7e44c800, 0x000002de7e7a2800, 0x000002de7ee29000,
0x000002de0018d800, 0x000002de009a4800
}

Java Threads: ( => current thread )
  0x000002de6030e000 JavaThread "main" [_thread_blocked, id=6840, stack(0x000000e4ebf00000,0x000000e4ec000000)]
  0x000002de7bdd7800 JavaThread "Reference Handler" daemon [_thread_blocked, id=11468, stack(0x000000e4ec600000,0x000000e4ec700000)]
  0x000002de7bde1000 JavaThread "Finalizer" daemon [_thread_blocked, id=12040, stack(0x000000e4ec700000,0x000000e4ec800000)]
  0x000002de7c762800 JavaThread "Signal Dispatcher" daemon [_thread_blocked, id=16996, stack(0x000000e4ec800000,0x000000e4ec900000)]
  0x000002de7bdf8800 JavaThread "Attach Listener" daemon [_thread_blocked, id=15464, stack(0x000000e4ec900000,0x000000e4eca00000)]
  0x000002de7bdfa800 JavaThread "Service Thread" daemon [_thread_blocked, id=9940, stack(0x000000e4eca00000,0x000000e4ecb00000)]
  0x000002de7bdfc000 JavaThread "C2 CompilerThread0" daemon [_thread_blocked, id=12864, stack(0x000000e4ecb00000,0x000000e4ecc00000)]
  0x000002de7be03000 JavaThread "C1 CompilerThread0" daemon [_thread_blocked, id=7844, stack(0x000000e4ecc00000,0x000000e4ecd00000)]
  0x000002de7be07800 JavaThread "Sweeper thread" daemon [_thread_blocked, id=13928, stack(0x000000e4ecd00000,0x000000e4ece00000)]
  0x000002de7c8b4000 JavaThread "Common-Cleaner" daemon [_thread_blocked, id=16528, stack(0x000000e4ecf00000,0x000000e4ed000000)]
=>0x000002de7cc28800 JavaThread "C2 CompilerThread1" daemon [_thread_in_native, id=8764, stack(0x000000e4ed200000,0x000000e4ed300000)]
  0x000002de7e345000 JavaThread "grpc-nio-worker-ELG-4-1" daemon [_thread_in_native, id=6036, stack(0x000000e4ed300000,0x000000e4ed400000)]
  0x000002de7e342800 JavaThread "grpc-default-executor-0" daemon [_thread_blocked, id=12744, stack(0x000000e4ed400000,0x000000e4ed500000)]
  0x000002de7e44c800 JavaThread "Monitor" [_thread_in_native, id=8288, stack(0x000000e4ed500000,0x000000e4ed600000)]
  0x000002de7e7a2800 JavaThread "JdwpProxyConnection" [_thread_in_native, id=472, stack(0x000000e4ed600000,0x000000e4ed700000)]
  0x000002de7ee29000 JavaThread "Device Client Monitor" [_thread_in_native, id=15832, stack(0x000000e4ed700000,0x000000e4ed800000)]
  0x000002de0018d800 JavaThread "Device List Monitor" [_thread_in_native, id=7832, stack(0x000000e4ed800000,0x000000e4ed900000)]
  0x000002de009a4800 JavaThread "grpc-nio-worker-ELG-4-2" daemon [_thread_in_vm, id=16436, stack(0x000000e4eda00000,0x000000e4edb00000)]

Other Threads:
  0x000002de7bdb2800 VMThread "VM Thread" [stack: 0x000000e4ec500000,0x000000e4ec600000] [id=2452]
  0x000002de7c8a9800 WatcherThread [stack: 0x000000e4ece00000,0x000000e4ecf00000] [id=9704]
  0x000002de60326800 GCTaskThread "GC Thread#0" [stack: 0x000000e4ec000000,0x000000e4ec100000] [id=9316]
  0x000002de7ccfc800 GCTaskThread "GC Thread#1" [stack: 0x000000e4ed000000,0x000000e4ed100000] [id=16992]
  0x000002de7cd22000 GCTaskThread "GC Thread#2" [stack: 0x000000e4ed100000,0x000000e4ed200000] [id=10532]
  0x000002de001f5800 GCTaskThread "GC Thread#3" [stack: 0x000000e4ed900000,0x000000e4eda00000] [id=10744]
  0x000002de60358000 ConcurrentGCThread "G1 Main Marker" [stack: 0x000000e4ec100000,0x000000e4ec200000] [id=8184]
  0x000002de6035a000 ConcurrentGCThread "G1 Conc#0" [stack: 0x000000e4ec200000,0x000000e4ec300000] [id=17188]
  0x000002de603eb000 ConcurrentGCThread "G1 Refine#0" [stack: 0x000000e4ec300000,0x000000e4ec400000] [id=13344]
  0x000002de603ee800 ConcurrentGCThread "G1 Young RemSet Sampling" [stack: 0x000000e4ec400000,0x000000e4ec500000] [id=11284]

Threads with active compile tasks:
C2 CompilerThread1   4029 1631   !   4       jdk.internal.loader.BuiltinClassLoader::loadClassOrNull (143 bytes)

VM state:not at safepoint (normal execution)

VM Mutex/Monitor currently owned by a thread: None

Heap address: 0x0000000081c00000, size: 2020 MB, Compressed Oops mode: 32-bit
Narrow klass base: 0x0000000000000000, Narrow klass shift: 3
Compressed class space size: 1073741824 Address: 0x0000000100000000

Heap:
 garbage-first heap   total 131072K, used 16181K [0x0000000081c00000, 0x0000000100000000)
  region size 1024K, 10 young (10240K), 3 survivors (3072K)
 Metaspace       used 30500K, capacity 31154K, committed 31360K, reserved 1077248K
  class space    used 3420K, capacity 3633K, committed 3712K, reserved 1048576K
Heap Regions: E=young(eden), S=young(survivor), O=old, HS=humongous(starts), HC=humongous(continues), CS=collection set, F=free, A=archive, TAMS=top-at-mark-start (previous, next)
|   0|0x0000000081c00000, 0x0000000081d00000, 0x0000000081d00000|100%|HS|  |TAMS 0x0000000081d00000, 0x0000000081c00000| Complete 
|   1|0x0000000081d00000, 0x0000000081e00000, 0x0000000081e00000|100%|HS|  |TAMS 0x0000000081e00000, 0x0000000081d00000| Complete 
|   2|0x0000000081e00000, 0x0000000081f00000, 0x0000000081f00000|100%|HC|  |TAMS 0x0000000081f00000, 0x0000000081e00000| Complete 
|   3|0x0000000081f00000, 0x0000000082000000, 0x0000000082000000|100%| O|  |TAMS 0x0000000081f00000, 0x0000000081f00000| Untracked 
|   4|0x0000000082000000, 0x0000000082100000, 0x0000000082100000|100%| O|  |TAMS 0x0000000082000000, 0x0000000082000000| Untracked 
|   5|0x0000000082100000, 0x0000000082200000, 0x0000000082200000|100%| O|  |TAMS 0x0000000082100000, 0x0000000082100000| Untracked 
|   6|0x0000000082200000, 0x0000000082300000, 0x0000000082300000|100%| O|  |TAMS 0x0000000082200000, 0x0000000082200000| Untracked 
|   7|0x0000000082300000, 0x0000000082400000, 0x0000000082400000|100%| O|  |TAMS 0x0000000082300000, 0x0000000082300000| Untracked 
|   8|0x0000000082400000, 0x0000000082445a00, 0x0000000082500000| 27%| O|  |TAMS 0x0000000082400000, 0x0000000082400000| Untracked 
|   9|0x0000000082500000, 0x0000000082500000, 0x0000000082600000|  0%| F|  |TAMS 0x0000000082500000, 0x0000000082500000| Untracked 
|  10|0x0000000082600000, 0x0000000082600000, 0x0000000082700000|  0%| F|  |TAMS 0x0000000082600000, 0x0000000082600000| Untracked 
|  11|0x0000000082700000, 0x0000000082700000, 0x0000000082800000|  0%| F|  |TAMS 0x0000000082700000, 0x0000000082700000| Untracked 
|  12|0x0000000082800000, 0x0000000082800000, 0x0000000082900000|  0%| F|  |TAMS 0x0000000082800000, 0x0000000082800000| Untracked 
|  13|0x0000000082900000, 0x0000000082900000, 0x0000000082a00000|  0%| F|  |TAMS 0x0000000082900000, 0x0000000082900000| Untracked 
|  14|0x0000000082a00000, 0x0000000082a00000, 0x0000000082b00000|  0%| F|  |TAMS 0x0000000082a00000, 0x0000000082a00000| Untracked 
|  15|0x0000000082b00000, 0x0000000082b00000, 0x0000000082c00000|  0%| F|  |TAMS 0x0000000082b00000, 0x0000000082b00000| Untracked 
|  16|0x0000000082c00000, 0x0000000082c00000, 0x0000000082d00000|  0%| F|  |TAMS 0x0000000082c00000, 0x0000000082c00000| Untracked 
|  17|0x0000000082d00000, 0x0000000082d00000, 0x0000000082e00000|  0%| F|  |TAMS 0x0000000082d00000, 0x0000000082d00000| Untracked 
|  18|0x0000000082e00000, 0x0000000082e00000, 0x0000000082f00000|  0%| F|  |TAMS 0x0000000082e00000, 0x0000000082e00000| Untracked 
|  19|0x0000000082f00000, 0x0000000082f00000, 0x0000000083000000|  0%| F|  |TAMS 0x0000000082f00000, 0x0000000082f00000| Untracked 
|  20|0x0000000083000000, 0x0000000083000000, 0x0000000083100000|  0%| F|  |TAMS 0x0000000083000000, 0x0000000083000000| Untracked 
|  21|0x0000000083100000, 0x0000000083100000, 0x0000000083200000|  0%| F|  |TAMS 0x0000000083100000, 0x0000000083100000| Untracked 
|  22|0x0000000083200000, 0x0000000083200000, 0x0000000083300000|  0%| F|  |TAMS 0x0000000083200000, 0x0000000083200000| Untracked 
|  23|0x0000000083300000, 0x0000000083300000, 0x0000000083400000|  0%| F|  |TAMS 0x0000000083300000, 0x0000000083300000| Untracked 
|  24|0x0000000083400000, 0x0000000083400000, 0x0000000083500000|  0%| F|  |TAMS 0x0000000083400000, 0x0000000083400000| Untracked 
|  25|0x0000000083500000, 0x0000000083500000, 0x0000000083600000|  0%| F|  |TAMS 0x0000000083500000, 0x0000000083500000| Untracked 
|  26|0x0000000083600000, 0x0000000083600000, 0x0000000083700000|  0%| F|  |TAMS 0x0000000083600000, 0x0000000083600000| Untracked 
|  27|0x0000000083700000, 0x0000000083700000, 0x0000000083800000|  0%| F|  |TAMS 0x0000000083700000, 0x0000000083700000| Untracked 
|  28|0x0000000083800000, 0x0000000083800000, 0x0000000083900000|  0%| F|  |TAMS 0x0000000083800000, 0x0000000083800000| Untracked 
|  29|0x0000000083900000, 0x0000000083900000, 0x0000000083a00000|  0%| F|  |TAMS 0x0000000083900000, 0x0000000083900000| Untracked 
|  30|0x0000000083a00000, 0x0000000083a00000, 0x0000000083b00000|  0%| F|  |TAMS 0x0000000083a00000, 0x0000000083a00000| Untracked 
|  31|0x0000000083b00000, 0x0000000083b00000, 0x0000000083c00000|  0%| F|  |TAMS 0x0000000083b00000, 0x0000000083b00000| Untracked 
|  32|0x0000000083c00000, 0x0000000083c00000, 0x0000000083d00000|  0%| F|  |TAMS 0x0000000083c00000, 0x0000000083c00000| Untracked 
|  33|0x0000000083d00000, 0x0000000083d00000, 0x0000000083e00000|  0%| F|  |TAMS 0x0000000083d00000, 0x0000000083d00000| Untracked 
|  34|0x0000000083e00000, 0x0000000083e00000, 0x0000000083f00000|  0%| F|  |TAMS 0x0000000083e00000, 0x0000000083e00000| Untracked 
|  35|0x0000000083f00000, 0x0000000083f00000, 0x0000000084000000|  0%| F|  |TAMS 0x0000000083f00000, 0x0000000083f00000| Untracked 
|  36|0x0000000084000000, 0x0000000084000000, 0x0000000084100000|  0%| F|  |TAMS 0x0000000084000000, 0x0000000084000000| Untracked 
|  37|0x0000000084100000, 0x0000000084100000, 0x0000000084200000|  0%| F|  |TAMS 0x0000000084100000, 0x0000000084100000| Untracked 
|  38|0x0000000084200000, 0x0000000084200000, 0x0000000084300000|  0%| F|  |TAMS 0x0000000084200000, 0x0000000084200000| Untracked 
|  39|0x0000000084300000, 0x0000000084300000, 0x0000000084400000|  0%| F|  |TAMS 0x0000000084300000, 0x0000000084300000| Untracked 
|  40|0x0000000084400000, 0x0000000084400000, 0x0000000084500000|  0%| F|  |TAMS 0x0000000084400000, 0x0000000084400000| Untracked 
|  41|0x0000000084500000, 0x0000000084500000, 0x0000000084600000|  0%| F|  |TAMS 0x0000000084500000, 0x0000000084500000| Untracked 
|  42|0x0000000084600000, 0x0000000084600000, 0x0000000084700000|  0%| F|  |TAMS 0x0000000084600000, 0x0000000084600000| Untracked 
|  43|0x0000000084700000, 0x0000000084700000, 0x0000000084800000|  0%| F|  |TAMS 0x0000000084700000, 0x0000000084700000| Untracked 
|  44|0x0000000084800000, 0x0000000084800000, 0x0000000084900000|  0%| F|  |TAMS 0x0000000084800000, 0x0000000084800000| Untracked 
|  45|0x0000000084900000, 0x0000000084900000, 0x0000000084a00000|  0%| F|  |TAMS 0x0000000084900000, 0x0000000084900000| Untracked 
|  46|0x0000000084a00000, 0x0000000084a00000, 0x0000000084b00000|  0%| F|  |TAMS 0x0000000084a00000, 0x0000000084a00000| Untracked 
|  47|0x0000000084b00000, 0x0000000084b00000, 0x0000000084c00000|  0%| F|  |TAMS 0x0000000084b00000, 0x0000000084b00000| Untracked 
|  48|0x0000000084c00000, 0x0000000084c00000, 0x0000000084d00000|  0%| F|  |TAMS 0x0000000084c00000, 0x0000000084c00000| Untracked 
|  49|0x0000000084d00000, 0x0000000084d00000, 0x0000000084e00000|  0%| F|  |TAMS 0x0000000084d00000, 0x0000000084d00000| Untracked 
|  50|0x0000000084e00000, 0x0000000084e00000, 0x0000000084f00000|  0%| F|  |TAMS 0x0000000084e00000, 0x0000000084e00000| Untracked 
|  51|0x0000000084f00000, 0x0000000084f00000, 0x0000000085000000|  0%| F|  |TAMS 0x0000000084f00000, 0x0000000084f00000| Untracked 
|  52|0x0000000085000000, 0x0000000085000000, 0x0000000085100000|  0%| F|  |TAMS 0x0000000085000000, 0x0000000085000000| Untracked 
|  53|0x0000000085100000, 0x0000000085100000, 0x0000000085200000|  0%| F|  |TAMS 0x0000000085100000, 0x0000000085100000| Untracked 
|  54|0x0000000085200000, 0x0000000085200000, 0x0000000085300000|  0%| F|  |TAMS 0x0000000085200000, 0x0000000085200000| Untracked 
|  55|0x0000000085300000, 0x0000000085300000, 0x0000000085400000|  0%| F|  |TAMS 0x0000000085300000, 0x0000000085300000| Untracked 
|  56|0x0000000085400000, 0x0000000085400000, 0x0000000085500000|  0%| F|  |TAMS 0x0000000085400000, 0x0000000085400000| Untracked 
|  57|0x0000000085500000, 0x0000000085500000, 0x0000000085600000|  0%| F|  |TAMS 0x0000000085500000, 0x0000000085500000| Untracked 
|  58|0x0000000085600000, 0x0000000085600000, 0x0000000085700000|  0%| F|  |TAMS 0x0000000085600000, 0x0000000085600000| Untracked 
|  59|0x0000000085700000, 0x0000000085700000, 0x0000000085800000|  0%| F|  |TAMS 0x0000000085700000, 0x0000000085700000| Untracked 
|  60|0x0000000085800000, 0x0000000085800000, 0x0000000085900000|  0%| F|  |TAMS 0x0000000085800000, 0x0000000085800000| Untracked 
|  61|0x0000000085900000, 0x0000000085900000, 0x0000000085a00000|  0%| F|  |TAMS 0x0000000085900000, 0x0000000085900000| Untracked 
|  62|0x0000000085a00000, 0x0000000085a00000, 0x0000000085b00000|  0%| F|  |TAMS 0x0000000085a00000, 0x0000000085a00000| Untracked 
|  63|0x0000000085b00000, 0x0000000085b00000, 0x0000000085c00000|  0%| F|  |TAMS 0x0000000085b00000, 0x0000000085b00000| Untracked 
|  64|0x0000000085c00000, 0x0000000085c00000, 0x0000000085d00000|  0%| F|  |TAMS 0x0000000085c00000, 0x0000000085c00000| Untracked 
|  65|0x0000000085d00000, 0x0000000085d00000, 0x0000000085e00000|  0%| F|  |TAMS 0x0000000085d00000, 0x0000000085d00000| Untracked 
|  66|0x0000000085e00000, 0x0000000085e00000, 0x0000000085f00000|  0%| F|  |TAMS 0x0000000085e00000, 0x0000000085e00000| Untracked 
|  67|0x0000000085f00000, 0x0000000085f00000, 0x0000000086000000|  0%| F|  |TAMS 0x0000000085f00000, 0x0000000085f00000| Untracked 
|  68|0x0000000086000000, 0x0000000086000000, 0x0000000086100000|  0%| F|  |TAMS 0x0000000086000000, 0x0000000086000000| Untracked 
|  69|0x0000000086100000, 0x0000000086100000, 0x0000000086200000|  0%| F|  |TAMS 0x0000000086100000, 0x0000000086100000| Untracked 
|  70|0x0000000086200000, 0x0000000086200000, 0x0000000086300000|  0%| F|  |TAMS 0x0000000086200000, 0x0000000086200000| Untracked 
|  71|0x0000000086300000, 0x0000000086300000, 0x0000000086400000|  0%| F|  |TAMS 0x0000000086300000, 0x0000000086300000| Untracked 
|  72|0x0000000086400000, 0x0000000086400000, 0x0000000086500000|  0%| F|  |TAMS 0x0000000086400000, 0x0000000086400000| Untracked 
|  73|0x0000000086500000, 0x0000000086500000, 0x0000000086600000|  0%| F|  |TAMS 0x0000000086500000, 0x0000000086500000| Untracked 
|  74|0x0000000086600000, 0x0000000086600000, 0x0000000086700000|  0%| F|  |TAMS 0x0000000086600000, 0x0000000086600000| Untracked 
|  75|0x0000000086700000, 0x0000000086700000, 0x0000000086800000|  0%| F|  |TAMS 0x0000000086700000, 0x0000000086700000| Untracked 
|  76|0x0000000086800000, 0x0000000086800000, 0x0000000086900000|  0%| F|  |TAMS 0x0000000086800000, 0x0000000086800000| Untracked 
|  77|0x0000000086900000, 0x0000000086900000, 0x0000000086a00000|  0%| F|  |TAMS 0x0000000086900000, 0x0000000086900000| Untracked 
|  78|0x0000000086a00000, 0x0000000086a00000, 0x0000000086b00000|  0%| F|  |TAMS 0x0000000086a00000, 0x0000000086a00000| Untracked 
|  79|0x0000000086b00000, 0x0000000086b00000, 0x0000000086c00000|  0%| F|  |TAMS 0x0000000086b00000, 0x0000000086b00000| Untracked 
|  80|0x0000000086c00000, 0x0000000086c00000, 0x0000000086d00000|  0%| F|  |TAMS 0x0000000086c00000, 0x0000000086c00000| Untracked 
|  81|0x0000000086d00000, 0x0000000086d00000, 0x0000000086e00000|  0%| F|  |TAMS 0x0000000086d00000, 0x0000000086d00000| Untracked 
|  82|0x0000000086e00000, 0x0000000086e00000, 0x0000000086f00000|  0%| F|  |TAMS 0x0000000086e00000, 0x0000000086e00000| Untracked 
|  83|0x0000000086f00000, 0x0000000086f00000, 0x0000000087000000|  0%| F|  |TAMS 0x0000000086f00000, 0x0000000086f00000| Untracked 
|  84|0x0000000087000000, 0x0000000087000000, 0x0000000087100000|  0%| F|  |TAMS 0x0000000087000000, 0x0000000087000000| Untracked 
|  85|0x0000000087100000, 0x0000000087100000, 0x0000000087200000|  0%| F|  |TAMS 0x0000000087100000, 0x0000000087100000| Untracked 
|  86|0x0000000087200000, 0x0000000087200000, 0x0000000087300000|  0%| F|  |TAMS 0x0000000087200000, 0x0000000087200000| Untracked 
|  87|0x0000000087300000, 0x0000000087300000, 0x0000000087400000|  0%| F|  |TAMS 0x0000000087300000, 0x0000000087300000| Untracked 
|  88|0x0000000087400000, 0x0000000087400000, 0x0000000087500000|  0%| F|  |TAMS 0x0000000087400000, 0x0000000087400000| Untracked 
|  89|0x0000000087500000, 0x0000000087587b70, 0x0000000087600000| 53%| S|CS|TAMS 0x0000000087500000, 0x0000000087500000| Complete 
|  90|0x0000000087600000, 0x0000000087700000, 0x0000000087700000|100%| S|CS|TAMS 0x0000000087600000, 0x0000000087600000| Complete 
|  91|0x0000000087700000, 0x0000000087800000, 0x0000000087800000|100%| S|CS|TAMS 0x0000000087700000, 0x0000000087700000| Complete 
|  92|0x0000000087800000, 0x0000000087800000, 0x0000000087900000|  0%| F|  |TAMS 0x0000000087800000, 0x0000000087800000| Untracked 
|  93|0x0000000087900000, 0x0000000087900000, 0x0000000087a00000|  0%| F|  |TAMS 0x0000000087900000, 0x0000000087900000| Untracked 
|  94|0x0000000087a00000, 0x0000000087a00000, 0x0000000087b00000|  0%| F|  |TAMS 0x0000000087a00000, 0x0000000087a00000| Untracked 
|  95|0x0000000087b00000, 0x0000000087b00000, 0x0000000087c00000|  0%| F|  |TAMS 0x0000000087b00000, 0x0000000087b00000| Untracked 
|  96|0x0000000087c00000, 0x0000000087c00000, 0x0000000087d00000|  0%| F|  |TAMS 0x0000000087c00000, 0x0000000087c00000| Untracked 
|  97|0x0000000087d00000, 0x0000000087d00000, 0x0000000087e00000|  0%| F|  |TAMS 0x0000000087d00000, 0x0000000087d00000| Untracked 
|  98|0x0000000087e00000, 0x0000000087e00000, 0x0000000087f00000|  0%| F|  |TAMS 0x0000000087e00000, 0x0000000087e00000| Untracked 
|  99|0x0000000087f00000, 0x0000000087f00000, 0x0000000088000000|  0%| F|  |TAMS 0x0000000087f00000, 0x0000000087f00000| Untracked 
| 100|0x0000000088000000, 0x0000000088000000, 0x0000000088100000|  0%| F|  |TAMS 0x0000000088000000, 0x0000000088000000| Untracked 
| 101|0x0000000088100000, 0x0000000088100000, 0x0000000088200000|  0%| F|  |TAMS 0x0000000088100000, 0x0000000088100000| Untracked 
| 102|0x0000000088200000, 0x0000000088200000, 0x0000000088300000|  0%| F|  |TAMS 0x0000000088200000, 0x0000000088200000| Untracked 
| 103|0x0000000088300000, 0x0000000088300000, 0x0000000088400000|  0%| F|  |TAMS 0x0000000088300000, 0x0000000088300000| Untracked 
| 104|0x0000000088400000, 0x0000000088400000, 0x0000000088500000|  0%| F|  |TAMS 0x0000000088400000, 0x0000000088400000| Untracked 
| 105|0x0000000088500000, 0x0000000088500000, 0x0000000088600000|  0%| F|  |TAMS 0x0000000088500000, 0x0000000088500000| Untracked 
| 106|0x0000000088600000, 0x0000000088600000, 0x0000000088700000|  0%| F|  |TAMS 0x0000000088600000, 0x0000000088600000| Untracked 
| 107|0x0000000088700000, 0x0000000088700000, 0x0000000088800000|  0%| F|  |TAMS 0x0000000088700000, 0x0000000088700000| Untracked 
| 108|0x0000000088800000, 0x0000000088800000, 0x0000000088900000|  0%| F|  |TAMS 0x0000000088800000, 0x0000000088800000| Untracked 
| 109|0x0000000088900000, 0x0000000088900000, 0x0000000088a00000|  0%| F|  |TAMS 0x0000000088900000, 0x0000000088900000| Untracked 
| 110|0x0000000088a00000, 0x0000000088a00000, 0x0000000088b00000|  0%| F|  |TAMS 0x0000000088a00000, 0x0000000088a00000| Untracked 
| 111|0x0000000088b00000, 0x0000000088b00000, 0x0000000088c00000|  0%| F|  |TAMS 0x0000000088b00000, 0x0000000088b00000| Untracked 
| 112|0x0000000088c00000, 0x0000000088c00000, 0x0000000088d00000|  0%| F|  |TAMS 0x0000000088c00000, 0x0000000088c00000| Untracked 
| 113|0x0000000088d00000, 0x0000000088d00000, 0x0000000088e00000|  0%| F|  |TAMS 0x0000000088d00000, 0x0000000088d00000| Untracked 
| 114|0x0000000088e00000, 0x0000000088e00000, 0x0000000088f00000|  0%| F|  |TAMS 0x0000000088e00000, 0x0000000088e00000| Untracked 
| 115|0x0000000088f00000, 0x0000000088f00000, 0x0000000089000000|  0%| F|  |TAMS 0x0000000088f00000, 0x0000000088f00000| Untracked 
| 116|0x0000000089000000, 0x0000000089000000, 0x0000000089100000|  0%| F|  |TAMS 0x0000000089000000, 0x0000000089000000| Untracked 
| 117|0x0000000089100000, 0x0000000089100000, 0x0000000089200000|  0%| F|  |TAMS 0x0000000089100000, 0x0000000089100000| Untracked 
| 118|0x0000000089200000, 0x0000000089200000, 0x0000000089300000|  0%| F|  |TAMS 0x0000000089200000, 0x0000000089200000| Untracked 
| 119|0x0000000089300000, 0x0000000089300000, 0x0000000089400000|  0%| F|  |TAMS 0x0000000089300000, 0x0000000089300000| Untracked 
| 120|0x0000000089400000, 0x0000000089400000, 0x0000000089500000|  0%| F|  |TAMS 0x0000000089400000, 0x0000000089400000| Untracked 
| 121|0x0000000089500000, 0x00000000895992b0, 0x0000000089600000| 59%| E|  |TAMS 0x0000000089500000, 0x0000000089500000| Complete 
| 122|0x0000000089600000, 0x0000000089700000, 0x0000000089700000|100%| E|  |TAMS 0x0000000089600000, 0x0000000089600000| Complete 
| 123|0x0000000089700000, 0x0000000089800000, 0x0000000089800000|100%| E|CS|TAMS 0x0000000089700000, 0x0000000089700000| Complete 
| 124|0x0000000089800000, 0x0000000089900000, 0x0000000089900000|100%| E|CS|TAMS 0x0000000089800000, 0x0000000089800000| Complete 
| 125|0x0000000089900000, 0x0000000089a00000, 0x0000000089a00000|100%| E|CS|TAMS 0x0000000089900000, 0x0000000089900000| Complete 
| 126|0x0000000089a00000, 0x0000000089b00000, 0x0000000089b00000|100%| E|CS|TAMS 0x0000000089a00000, 0x0000000089a00000| Complete 
| 127|0x0000000089b00000, 0x0000000089c00000, 0x0000000089c00000|100%| E|CS|TAMS 0x0000000089b00000, 0x0000000089b00000| Complete 

Card table byte_map: [0x000002de75060000,0x000002de75460000] _byte_map_base: 0x000002de74c52000

Marking Bits (Prev, Next): (CMBitMap*) 0x000002de6034f1f0, (CMBitMap*) 0x000002de6034f1b8
 Prev Bits: [0x000002de777f0000, 0x000002de79780000)
 Next Bits: [0x000002de75860000, 0x000002de777f0000)

Polling page: 0x000002de603f0000

Metaspace:

Usage:
  Non-class:     26.94 MB capacity,    26.51 MB ( 98%) used,   393.90 KB (  1%) free+waste,    42.75 KB ( <1%) overhead. 
      Class:      3.55 MB capacity,     3.35 MB ( 95%) used,   180.03 KB (  5%) free+waste,    18.69 KB ( <1%) overhead. 
       Both:     30.49 MB capacity,    29.87 MB ( 98%) used,   573.93 KB (  2%) free+waste,    61.44 KB ( <1%) overhead. 

Virtual space:
  Non-class space:       28.00 MB reserved,      27.00 MB ( 96%) committed 
      Class space:        1.00 GB reserved,       3.63 MB ( <1%) committed 
             Both:        1.03 GB reserved,      30.63 MB (  3%) committed 

Chunk freelists:
   Non-Class:  63.00 KB
       Class:  15.00 KB
        Both:  78.00 KB

MaxMetaspaceSize: 17179869184.00 GB
CompressedClassSpaceSize: 1.00 GB
Initial GC threshold: 20.80 MB
Current GC threshold: 34.79 MB
CDS: off

CodeHeap 'non-profiled nmethods': size=120064Kb used=721Kb max_used=721Kb free=119342Kb
 bounds [0x000002de6d100000, 0x000002de6d370000, 0x000002de74640000]
CodeHeap 'profiled nmethods': size=120000Kb used=3383Kb max_used=3383Kb free=116616Kb
 bounds [0x000002de65bd0000, 0x000002de65f20000, 0x000002de6d100000]
CodeHeap 'non-nmethods': size=5696Kb used=1241Kb max_used=1260Kb free=4454Kb
 bounds [0x000002de65640000, 0x000002de658b0000, 0x000002de65bd0000]
 total_blobs=2342 nmethods=1815 adapters=440
 compilation: enabled
              stopped_count=0, restarted_count=0
 full_count=0

Compilation events (20 events):
Event: 3.885 Thread 0x000002de7be03000 nmethod 1766 0x000002de65f06390 code [0x000002de65f06580, 0x000002de65f06b18]
Event: 3.885 Thread 0x000002de7be03000 1773       3       java.util.regex.Pattern$BmpCharPropertyGreedy::match (89 bytes)
Event: 3.885 Thread 0x000002de7bdfc000 nmethod 1771 0x000002de6d1ae510 code [0x000002de6d1ae6c0, 0x000002de6d1ae818]
Event: 3.885 Thread 0x000002de7be03000 nmethod 1773 0x000002de65f06c90 code [0x000002de65f06ea0, 0x000002de65f074c8]
Event: 3.885 Thread 0x000002de7be03000 1770       3       java.lang.Character::isLowSurrogate (18 bytes)
Event: 3.885 Thread 0x000002de7be03000 nmethod 1770 0x000002de65f07710 code [0x000002de65f078c0, 0x000002de65f07a38]
Event: 3.885 Thread 0x000002de7be03000 1774       3       java.util.regex.Matcher::matches (10 bytes)
Event: 3.885 Thread 0x000002de7be03000 nmethod 1774 0x000002de65f07b10 code [0x000002de65f07cc0, 0x000002de65f07e08]
Event: 3.885 Thread 0x000002de7be03000 1775       3       java.util.regex.Pattern$Begin::match (62 bytes)
Event: 3.886 Thread 0x000002de7be03000 nmethod 1775 0x000002de65f07e90 code [0x000002de65f08060, 0x000002de65f08388]
Event: 3.886 Thread 0x000002de7be03000 1776       3       java.util.regex.Pattern$Dollar::match (209 bytes)
Event: 3.891 Thread 0x000002de7be03000 nmethod 1776 0x000002de65f08510 code [0x000002de65f08780, 0x000002de65f09398]
Event: 3.891 Thread 0x000002de7be03000 1777       3       com.android.ddmlib.PropertyFetcher::access$000 (4 bytes)
Event: 3.891 Thread 0x000002de7be03000 nmethod 1777 0x000002de65f09610 code [0x000002de65f097c0, 0x000002de65f098b8]
Event: 3.891 Thread 0x000002de7be03000 1778       3       java.util.regex.Pattern$LastNode::match (45 bytes)
Event: 3.891 Thread 0x000002de7be03000 nmethod 1778 0x000002de65f09990 code [0x000002de65f09b40, 0x000002de65f09d38]
Event: 3.906 Thread 0x000002de7be03000 1779       3       java.lang.reflect.Method::<init> (68 bytes)
Event: 3.907 Thread 0x000002de7be03000 nmethod 1779 0x000002de65f09e90 code [0x000002de65f0a080, 0x000002de65f0a618]
Event: 3.907 Thread 0x000002de7be03000 1780       3       java.lang.Class::privateGetDeclaredMethods (64 bytes)
Event: 3.908 Thread 0x000002de7be03000 nmethod 1780 0x000002de65f0a790 code [0x000002de65f0a9c0, 0x000002de65f0b138]

GC Heap History (6 events):
Event: 0.973 GC heap before
{Heap before GC invocations=0 (full 0):
 garbage-first heap   total 131072K, used 17408K [0x0000000081c00000, 0x0000000100000000)
  region size 1024K, 14 young (14336K), 0 survivors (0K)
 Metaspace       used 13011K, capacity 13225K, committed 13440K, reserved 1060864K
  class space    used 1300K, capacity 1408K, committed 1408K, reserved 1048576K
}
Event: 0.976 GC heap after
{Heap after GC invocations=1 (full 0):
 garbage-first heap   total 131072K, used 4935K [0x0000000081c00000, 0x0000000100000000)
  region size 1024K, 2 young (2048K), 2 survivors (2048K)
 Metaspace       used 13011K, capacity 13225K, committed 13440K, reserved 1060864K
  class space    used 1300K, capacity 1408K, committed 1408K, reserved 1048576K
}
Event: 2.639 GC heap before
{Heap before GC invocations=1 (full 0):
 garbage-first heap   total 131072K, used 29511K [0x0000000081c00000, 0x0000000100000000)
  region size 1024K, 26 young (26624K), 2 survivors (2048K)
 Metaspace       used 20512K, capacity 21030K, committed 21248K, reserved 1069056K
  class space    used 2166K, capacity 2290K, committed 2304K, reserved 1048576K
}
Event: 2.654 GC heap after
{Heap after GC invocations=2 (full 0):
 garbage-first heap   total 131072K, used 8659K [0x0000000081c00000, 0x0000000100000000)
  region size 1024K, 6 young (6144K), 6 survivors (6144K)
 Metaspace       used 20512K, capacity 21030K, committed 21248K, reserved 1069056K
  class space    used 2166K, capacity 2290K, committed 2304K, reserved 1048576K
}
Event: 3.767 GC heap before
{Heap before GC invocations=3 (full 0):
 garbage-first heap   total 131072K, used 39379K [0x0000000081c00000, 0x0000000100000000)
  region size 1024K, 36 young (36864K), 6 survivors (6144K)
 Metaspace       used 28163K, capacity 28869K, committed 28928K, reserved 1075200K
  class space    used 3116K, capacity 3291K, committed 3328K, reserved 1048576K
}
Event: 3.777 GC heap after
{Heap after GC invocations=4 (full 0):
 garbage-first heap   total 131072K, used 11061K [0x0000000081c00000, 0x0000000100000000)
  region size 1024K, 3 young (3072K), 3 survivors (3072K)
 Metaspace       used 28163K, capacity 28869K, committed 28928K, reserved 1075200K
  class space    used 3116K, capacity 3291K, committed 3328K, reserved 1048576K
}

Deoptimization events (20 events):
Event: 3.328 Thread 0x000002de6030e000 Uncommon trap: trap_request=0xffffff4d fr.pc=0x000002de6d15bd98 relative=0x0000000000000378
Event: 3.328 Thread 0x000002de6030e000 Uncommon trap: reason=unstable_if action=reinterpret pc=0x000002de6d15bd98 method=java.io.ByteArrayInputStream.read([BII)I @ 35 c2
Event: 3.328 Thread 0x000002de6030e000 DEOPT PACKING pc=0x000002de6d15bd98 sp=0x000000e4ebff4260
Event: 3.328 Thread 0x000002de6030e000 DEOPT UNPACKING pc=0x000002de6568a1af sp=0x000000e4ebff4220 mode 2
Event: 3.594 Thread 0x000002de7e44c800 Uncommon trap: trap_request=0xffffff4d fr.pc=0x000002de6d13c1b4 relative=0x0000000000000374
Event: 3.594 Thread 0x000002de7e44c800 Uncommon trap: reason=unstable_if action=reinterpret pc=0x000002de6d13c1b4 method=java.lang.StringLatin1.canEncode(I)Z @ 4 c2
Event: 3.594 Thread 0x000002de7e44c800 DEOPT PACKING pc=0x000002de6d13c1b4 sp=0x000000e4ed5fe7b0
Event: 3.594 Thread 0x000002de7e44c800 DEOPT UNPACKING pc=0x000002de6568a1af sp=0x000000e4ed5fe6d8 mode 2
Event: 3.594 Thread 0x000002de7e44c800 Uncommon trap: trap_request=0xffffff4d fr.pc=0x000002de6d13ca9c relative=0x000000000000035c
Event: 3.594 Thread 0x000002de7e44c800 Uncommon trap: reason=unstable_if action=reinterpret pc=0x000002de6d13ca9c method=java.lang.AbstractStringBuilder.isLatin1()Z @ 10 c2
Event: 3.594 Thread 0x000002de7e44c800 DEOPT PACKING pc=0x000002de6d13ca9c sp=0x000000e4ed5fe7b0
Event: 3.594 Thread 0x000002de7e44c800 DEOPT UNPACKING pc=0x000002de6568a1af sp=0x000000e4ed5fe740 mode 2
Event: 3.594 Thread 0x000002de7e44c800 Uncommon trap: trap_request=0xffffff4d fr.pc=0x000002de6d142bf8 relative=0x0000000000000058
Event: 3.594 Thread 0x000002de7e44c800 Uncommon trap: reason=unstable_if action=reinterpret pc=0x000002de6d142bf8 method=java.lang.AbstractStringBuilder.isLatin1()Z @ 10 c2
Event: 3.594 Thread 0x000002de7e44c800 DEOPT PACKING pc=0x000002de6d142bf8 sp=0x000000e4ed5fe7a0
Event: 3.594 Thread 0x000002de7e44c800 DEOPT UNPACKING pc=0x000002de6568a1af sp=0x000000e4ed5fe730 mode 2
Event: 3.725 Thread 0x000002de6030e000 Uncommon trap: trap_request=0xffffff4d fr.pc=0x000002de6d145ac4 relative=0x00000000000000a4
Event: 3.725 Thread 0x000002de6030e000 Uncommon trap: reason=unstable_if action=reinterpret pc=0x000002de6d145ac4 method=java.lang.CharacterDataLatin1.digit(II)I @ 12 c2
Event: 3.725 Thread 0x000002de6030e000 DEOPT PACKING pc=0x000002de6d145ac4 sp=0x000000e4ebffdb60
Event: 3.725 Thread 0x000002de6030e000 DEOPT UNPACKING pc=0x000002de6568a1af sp=0x000000e4ebffdad8 mode 2

Classes redefined (0 events):
No events

Internal exceptions (20 events):
Event: 2.492 Thread 0x000002de6030e000 Exception <a 'java/lang/ClassNotFoundException'{0x000000008859d548}: org/eclipse/jetty/npn/NextProtoNego> (0x000000008859d548) thrown at [./src/hotspot/share/classfile/systemDictionary.cpp, line 231]
Event: 2.860 Thread 0x000002de6030e000 Exception <a 'java/lang/NoSuchMethodError'{0x0000000089956498}: 'java.lang.Object java.lang.invoke.DirectMethodHandle$Holder.invokeStatic(java.lang.Object, java.lang.Object, java.lang.Object, java.lang.Object, java.lang.Object, java.lang.Object, java.lang.Object, int)'> (0x0000000089956498) thrown at [./src/hotspot/share/interpreter/linkResolver.cpp, line 773]
Event: 2.861 Thread 0x000002de6030e000 Exception <a 'java/lang/NoSuchMethodError'{0x000000008995a8d0}: 'java.lang.Object java.lang.invoke.DirectMethodHandle$Holder.invokeSpecial(java.lang.Object, java.lang.Object, java.lang.Object, java.lang.Object, java.lang.Object, java.lang.Object, java.lang.Object, java.lang.Object, int)'> (0x000000008995a8d0) thrown at [./src/hotspot/share/interpreter/linkResolver.cpp, line 773]
Event: 3.245 Thread 0x000002de6030e000 Exception <a 'sun/nio/fs/WindowsException'{0x00000000890fc938}> (0x00000000890fc938) thrown at [./src/hotspot/share/prims/jni.cpp, line 616]
Event: 3.245 Thread 0x000002de6030e000 Exception <a 'sun/nio/fs/WindowsException'{0x00000000890fd290}> (0x00000000890fd290) thrown at [./src/hotspot/share/prims/jni.cpp, line 616]
Event: 3.246 Thread 0x000002de6030e000 Exception <a 'sun/nio/fs/WindowsException'{0x0000000088f4e7c8}> (0x0000000088f4e7c8) thrown at [./src/hotspot/share/prims/jni.cpp, line 616]
Event: 3.246 Thread 0x000002de6030e000 Exception <a 'sun/nio/fs/WindowsException'{0x0000000088f4f0b8}> (0x0000000088f4f0b8) thrown at [./src/hotspot/share/prims/jni.cpp, line 616]
Event: 3.248 Thread 0x000002de6030e000 Exception <a 'sun/nio/fs/WindowsException'{0x0000000088f6f218}> (0x0000000088f6f218) thrown at [./src/hotspot/share/prims/jni.cpp, line 616]
Event: 3.249 Thread 0x000002de6030e000 Exception <a 'sun/nio/fs/WindowsException'{0x0000000088f6fb08}> (0x0000000088f6fb08) thrown at [./src/hotspot/share/prims/jni.cpp, line 616]
Event: 3.598 Thread 0x000002de7e7a2800 Exception <a 'java/lang/NoSuchMethodError'{0x0000000087bced70}: 'void java.lang.invoke.DirectMethodHandle$Holder.invokeStatic(java.lang.Object, long)'> (0x0000000087bced70) thrown at [./src/hotspot/share/interpreter/linkResolver.cpp, line 773]
Event: 3.599 Thread 0x000002de7e7a2800 Exception <a 'java/lang/NoSuchMethodError'{0x0000000087bd3cd8}: 'java.lang.Object java.lang.invoke.DirectMethodHandle$Holder.invokeStatic(java.lang.Object, long)'> (0x0000000087bd3cd8) thrown at [./src/hotspot/share/interpreter/linkResolver.cpp, line 773]
Event: 3.602 Thread 0x000002de7e7a2800 Exception <a 'java/lang/NoSuchMethodError'{0x0000000087be1b70}: 'java.lang.Object java.lang.invoke.DirectMethodHandle$Holder.invokeStaticInit(java.lang.Object, java.lang.Object, long, java.lang.Object)'> (0x0000000087be1b70) thrown at [./src/hotspot/share/interpreter/linkResolver.cpp, line 773]
Event: 3.602 Thread 0x000002de7e7a2800 Exception <a 'java/lang/NoSuchMethodError'{0x0000000087be77b8}: 'java.lang.Object java.lang.invoke.DirectMethodHandle$Holder.invokeStatic(java.lang.Object, java.lang.Object, long)'> (0x0000000087be77b8) thrown at [./src/hotspot/share/interpreter/linkResolver.cpp, line 773]
Event: 3.603 Thread 0x000002de7e7a2800 Exception <a 'java/lang/NoSuchMethodError'{0x0000000087bed7e0}: 'java.lang.Object java.lang.invoke.Invokers$Holder.linkToTargetMethod(java.lang.Object, long, java.lang.Object)'> (0x0000000087bed7e0) thrown at [./src/hotspot/share/interpreter/linkResolver.cpp, line 773]
Event: 3.663 Thread 0x000002de6030e000 Exception <a 'java/lang/NoSuchMethodError'{0x0000000087b315c8}: 'java.lang.Object java.lang.invoke.DirectMethodHandle$Holder.invokeInterface(java.lang.Object, java.lang.Object, java.lang.Object, java.lang.Object)'> (0x0000000087b315c8) thrown at [./src/hotspot/share/interpreter/linkResolver.cpp, line 773]
Event: 3.724 Thread 0x000002de6030e000 Exception <a 'java/lang/NoSuchMethodError'{0x0000000087b66a88}: 'void java.lang.invoke.DirectMethodHandle$Holder.invokeSpecial(java.lang.Object, java.lang.Object)'> (0x0000000087b66a88) thrown at [./src/hotspot/share/interpreter/linkResolver.cpp, line 773]
Event: 3.726 Thread 0x000002de6030e000 Exception <a 'java/net/BindException'{0x0000000087b760c8}: Address already in use: bind> (0x0000000087b760c8) thrown at [./src/hotspot/share/prims/jni.cpp, line 637]
Event: 3.793 Thread 0x000002de6030e000 Exception <a 'java/lang/NoSuchMethodError'{0x0000000089b4ed70}: 'long java.lang.invoke.DirectMethodHandle$Holder.invokeSpecial(java.lang.Object, java.lang.Object)'> (0x0000000089b4ed70) thrown at [./src/hotspot/share/interpreter/linkResolver.cpp, line 773]
Event: 3.811 Thread 0x000002de6030e000 Exception <a 'java/lang/NoSuchMethodError'{0x0000000089a9d948}: 'java.lang.Object java.lang.invoke.Invokers$Holder.invoke_MT(java.lang.Object, java.lang.Object, java.lang.Object)'> (0x0000000089a9d948) thrown at [./src/hotspot/share/interpreter/linkResolver.cpp, line 773]
Event: 3.813 Thread 0x000002de6030e000 Exception <a 'java/lang/NoSuchMethodError'{0x0000000089ab0a88}: 'long java.lang.invoke.DelegatingMethodHandle$Holder.reinvoke_L(java.lang.Object, java.lang.Object)'> (0x0000000089ab0a88) thrown at [./src/hotspot/share/interpreter/linkResolver.cpp, line 773]

Events (20 events):
Event: 3.909 loading class io/netty/channel/RecvByteBufAllocator done
Event: 3.910 loading class io/netty/channel/DefaultMessageSizeEstimator
Event: 3.910 loading class io/netty/channel/DefaultMessageSizeEstimator done
Event: 3.910 loading class io/netty/channel/MessageSizeEstimator
Event: 3.910 loading class io/netty/channel/MessageSizeEstimator done
Event: 3.910 loading class io/netty/channel/DefaultMessageSizeEstimator$HandleImpl
Event: 3.910 loading class io/netty/channel/DefaultMessageSizeEstimator$HandleImpl done
Event: 3.911 loading class io/netty/channel/WriteBufferWaterMark
Event: 3.911 loading class io/netty/channel/WriteBufferWaterMark done
Event: 3.911 loading class io/netty/channel/AdaptiveRecvByteBufAllocator
Event: 3.911 loading class io/netty/channel/AdaptiveRecvByteBufAllocator done
Event: 3.911 loading class io/netty/channel/DefaultMaxMessagesRecvByteBufAllocator
Event: 3.911 loading class io/netty/channel/DefaultMaxMessagesRecvByteBufAllocator done
Event: 3.911 loading class io/netty/channel/MaxMessagesRecvByteBufAllocator
Event: 3.911 loading class io/netty/channel/MaxMessagesRecvByteBufAllocator done
Event: 3.911 loading class io/netty/channel/RecvByteBufAllocator$Handle
Event: 3.911 loading class io/netty/channel/RecvByteBufAllocator$Handle done
Event: 3.912 Executing VM operation: RevokeBias
Event: 3.912 Executing VM operation: RevokeBias done
Event: 3.912 loading class sun/reflect/generics/parser/SignatureParser


Dynamic libraries:
0x00007ff7ac790000 - 0x00007ff7ac79a000 	C:\Program Files\Android\Android Studio\jre\bin\java.exe
0x00007ff8fd880000 - 0x00007ff8fda89000 	C:\WINDOWS\SYSTEM32\ntdll.dll
0x00007ff8fbc90000 - 0x00007ff8fbd4e000 	C:\WINDOWS\System32\KERNEL32.DLL
0x00007ff8faf90000 - 0x00007ff8fb30c000 	C:\WINDOWS\System32\KERNELBASE.dll
0x00007ff8fad50000 - 0x00007ff8fae61000 	C:\WINDOWS\System32\ucrtbase.dll
0x00007ff8e6200000 - 0x00007ff8e6217000 	C:\Program Files\Android\Android Studio\jre\bin\VCRUNTIME140.dll
0x00007ff8f3e00000 - 0x00007ff8f3e19000 	C:\Program Files\Android\Android Studio\jre\bin\jli.dll
0x00007ff8fc730000 - 0x00007ff8fc8dd000 	C:\WINDOWS\System32\USER32.dll
0x00007ff8fb3d0000 - 0x00007ff8fb3f6000 	C:\WINDOWS\System32\win32u.dll
0x00007ff8e10f0000 - 0x00007ff8e1395000 	C:\WINDOWS\WinSxS\amd64_microsoft.windows.common-controls_6595b64144ccf1df_6.0.22000.120_none_9d947278b86cc467\COMCTL32.dll
0x00007ff8fbaa0000 - 0x00007ff8fbac9000 	C:\WINDOWS\System32\GDI32.dll
0x00007ff8fd5d0000 - 0x00007ff8fd673000 	C:\WINDOWS\System32\msvcrt.dll
0x00007ff8fb400000 - 0x00007ff8fb518000 	C:\WINDOWS\System32\gdi32full.dll
0x00007ff8faef0000 - 0x00007ff8faf8d000 	C:\WINDOWS\System32\msvcp_win.dll
0x00007ff8fcee0000 - 0x00007ff8fcf11000 	C:\WINDOWS\System32\IMM32.DLL
0x00007ff8cb3b0000 - 0x00007ff8cb44d000 	C:\Program Files\Android\Android Studio\jre\bin\msvcp140.dll
0x00007ff893a40000 - 0x00007ff894542000 	C:\Program Files\Android\Android Studio\jre\bin\server\jvm.dll
0x00007ff8fc8e0000 - 0x00007ff8fc98e000 	C:\WINDOWS\System32\ADVAPI32.dll
0x00007ff8fd510000 - 0x00007ff8fd5ae000 	C:\WINDOWS\System32\sechost.dll
0x00007ff8fd3f0000 - 0x00007ff8fd510000 	C:\WINDOWS\System32\RPCRT4.dll
0x00007ff8fd3e0000 - 0x00007ff8fd3e8000 	C:\WINDOWS\System32\PSAPI.DLL
0x00007ff8f5080000 - 0x00007ff8f50b3000 	C:\WINDOWS\SYSTEM32\WINMM.dll
0x00007ff8f5da0000 - 0x00007ff8f5daa000 	C:\WINDOWS\SYSTEM32\VERSION.dll
0x00007ff8d97e0000 - 0x00007ff8d97e9000 	C:\WINDOWS\SYSTEM32\WSOCK32.dll
0x00007ff8fd340000 - 0x00007ff8fd3af000 	C:\WINDOWS\System32\WS2_32.dll
0x00007ff8f9dd0000 - 0x00007ff8f9de8000 	C:\WINDOWS\SYSTEM32\kernel.appcore.dll
0x00007ff8f5a80000 - 0x00007ff8f5a91000 	C:\Program Files\Android\Android Studio\jre\bin\verify.dll
0x00007ff8f89b0000 - 0x00007ff8f8bd1000 	C:\WINDOWS\SYSTEM32\DBGHELP.DLL
0x00007ff8dd4a0000 - 0x00007ff8dd4d1000 	C:\WINDOWS\SYSTEM32\dbgcore.DLL
0x00007ff8fae70000 - 0x00007ff8faeef000 	C:\WINDOWS\System32\bcryptPrimitives.dll
0x00007ff8f3e80000 - 0x00007ff8f3ea9000 	C:\Program Files\Android\Android Studio\jre\bin\java.dll
0x00007ff8f6620000 - 0x00007ff8f662b000 	C:\Program Files\Android\Android Studio\jre\bin\jimage.dll
0x00007ff8f58c0000 - 0x00007ff8f58d8000 	C:\Program Files\Android\Android Studio\jre\bin\zip.dll
0x00007ff8fbeb0000 - 0x00007ff8fc675000 	C:\WINDOWS\System32\SHELL32.dll
0x00007ff8f8e40000 - 0x00007ff8f96a5000 	C:\WINDOWS\SYSTEM32\windows.storage.dll
0x00007ff8fcf30000 - 0x00007ff8fd2a6000 	C:\WINDOWS\System32\combase.dll
0x00007ff8f8cd0000 - 0x00007ff8f8e36000 	C:\WINDOWS\SYSTEM32\wintypes.dll
0x00007ff8fbdb0000 - 0x00007ff8fbe9a000 	C:\WINDOWS\System32\SHCORE.dll
0x00007ff8fbb40000 - 0x00007ff8fbb9d000 	C:\WINDOWS\System32\shlwapi.dll
0x00007ff8fac80000 - 0x00007ff8faca1000 	C:\WINDOWS\SYSTEM32\profapi.dll
0x00007ff8f5840000 - 0x00007ff8f585a000 	C:\Program Files\Android\Android Studio\jre\bin\net.dll
0x00007ff8f4ea0000 - 0x00007ff8f4fb2000 	C:\WINDOWS\SYSTEM32\WINHTTP.dll
0x00007ff8fa270000 - 0x00007ff8fa2d7000 	C:\WINDOWS\system32\mswsock.dll
0x00007ff8f55f0000 - 0x00007ff8f5604000 	C:\Program Files\Android\Android Studio\jre\bin\nio.dll
0x00007ff8f5f90000 - 0x00007ff8f5f9a000 	C:\Program Files\Android\Android Studio\jre\bin\management.dll
0x00007ff8f5720000 - 0x00007ff8f572d000 	C:\Program Files\Android\Android Studio\jre\bin\management_ext.dll
0x00007ff8fa4c0000 - 0x00007ff8fa4d8000 	C:\WINDOWS\SYSTEM32\CRYPTSP.dll
0x00007ff8f9d30000 - 0x00007ff8f9d65000 	C:\WINDOWS\system32\rsaenh.dll
0x00007ff8fa360000 - 0x00007ff8fa389000 	C:\WINDOWS\SYSTEM32\USERENV.dll
0x00007ff8fa640000 - 0x00007ff8fa667000 	C:\WINDOWS\SYSTEM32\bcrypt.dll
0x00007ff8fa4b0000 - 0x00007ff8fa4bc000 	C:\WINDOWS\SYSTEM32\CRYPTBASE.dll
0x00007ff8f9900000 - 0x00007ff8f992d000 	C:\WINDOWS\SYSTEM32\IPHLPAPI.DLL
0x00007ff8fcf20000 - 0x00007ff8fcf29000 	C:\WINDOWS\System32\NSI.dll
0x00007ff8f4c90000 - 0x00007ff8f4ca9000 	C:\WINDOWS\SYSTEM32\dhcpcsvc6.DLL
0x00007ff8f5ce0000 - 0x00007ff8f5cfe000 	C:\WINDOWS\SYSTEM32\dhcpcsvc.DLL
0x00007ff8f9930000 - 0x00007ff8f9a18000 	C:\WINDOWS\SYSTEM32\DNSAPI.dll
0x00007ff8e7b60000 - 0x00007ff8e7b87000 	C:\Program Files\Android\Android Studio\jre\bin\sunec.dll
0x00007ff8e1f40000 - 0x00007ff8e1f4a000 	C:\Windows\System32\rasadhlp.dll
0x00007ff8f2800000 - 0x00007ff8f2881000 	C:\WINDOWS\System32\fwpuclnt.dll
0x00007ff8d7c70000 - 0x00007ff8d7c87000 	C:\WINDOWS\system32\napinsp.dll
0x00007ff8d7ba0000 - 0x00007ff8d7bbb000 	C:\WINDOWS\system32\pnrpnsp.dll
0x00007ff8d7b10000 - 0x00007ff8d7b22000 	C:\WINDOWS\System32\winrnr.dll
0x00007ff8d7ad0000 - 0x00007ff8d7ae5000 	C:\WINDOWS\system32\wshbth.dll
0x00007ff8d7af0000 - 0x00007ff8d7b0f000 	C:\WINDOWS\system32\nlansp_c.dll

dbghelp: loaded successfully - version: 4.0.5 - missing functions: none
symbol engine: initialized successfully - sym options: 0x614 - pdb path: .;C:\Program Files\Android\Android Studio\jre\bin;C:\WINDOWS\SYSTEM32;C:\WINDOWS\WinSxS\amd64_microsoft.windows.common-controls_6595b64144ccf1df_6.0.22000.120_none_9d947278b86cc467;C:\Program Files\Android\Android Studio\jre\bin\server

VM Arguments:
jvm_args: -Djava.awt.headless=true -Djava.util.logging.config.file=C:\Users\HP\.android\utp\logging5878813562138568666properties -Dfile.encoding=UTF-8 -Duser.country=US -Duser.language=en -Duser.variant 
java_command: com.google.testing.platform.launcher.Launcher C:\Users\HP\.gradle\caches\modules-2\files-2.1\com.google.testing.platform\core\0.0.8-alpha07\185ff5f0c2380a7a283320bc5ec9130dbcbbb030\core-0.0.8-alpha07.jar --proto_config=C:\Users\HP\.android\utp\runnerConfig8617743421269202573.pb --proto_server_config=C:\Users\HP\.android\utp\serverConfig7312468284857810069.pb
java_class_path (initial): C:\Users\HP\.gradle\caches\modules-2\files-2.1\com.google.testing.platform\launcher\0.0.8-alpha07\47d15094202612b26f5a07fbfbe17ff8900a58c4\launcher-0.0.8-alpha07.jar
Launcher Type: SUN_STANDARD

[Global flags]
     intx CICompilerCount                          = 3                                         {product} {ergonomic}
     uint ConcGCThreads                            = 1                                         {product} {ergonomic}
     uint G1ConcRefinementThreads                  = 4                                         {product} {ergonomic}
   size_t G1HeapRegionSize                         = 1048576                                   {product} {ergonomic}
    uintx GCDrainStackTargetSize                   = 64                                        {product} {ergonomic}
   size_t InitialHeapSize                          = 134217728                                 {product} {ergonomic}
   size_t MarkStackSize                            = 4194304                                   {product} {ergonomic}
   size_t MaxHeapSize                              = 2118123520                                {product} {ergonomic}
   size_t MaxNewSize                               = 1270874112                                {product} {ergonomic}
   size_t MinHeapDeltaBytes                        = 1048576                                   {product} {ergonomic}
    uintx NonNMethodCodeHeapSize                   = 5830732                                {pd product} {ergonomic}
    uintx NonProfiledCodeHeapSize                  = 122913754                              {pd product} {ergonomic}
    uintx ProfiledCodeHeapSize                     = 122913754                              {pd product} {ergonomic}
    uintx ReservedCodeCacheSize                    = 251658240                              {pd product} {ergonomic}
     bool SegmentedCodeCache                       = true                                      {product} {ergonomic}
     bool UseCompressedClassPointers               = true                                 {lp64_product} {ergonomic}
     bool UseCompressedOops                        = true                                 {lp64_product} {ergonomic}
     bool UseG1GC                                  = true                                      {product} {ergonomic}
     bool UseLargePagesIndividualAllocation        = false                                  {pd product} {ergonomic}

Logging:
Log output configuration:
 #0: stdout all=warning uptime,level,tags
 #1: stderr all=off uptime,level,tags

Environment Variables:
JAVA_HOME=C:\Program Files\Java\jdk-19
PATH=C:\oraclexe\app\oracle\product\11.2.0\server\bin;C:\Program Files\Common Files\Oracle\Java\javapath;C:\Program Files (x86)\Common Files\Oracle\Java\javapath;C:\Windows\system32;C:\Windows;C:\Windows\System32\Wbem;C:\Windows\System32\WindowsPowerShell\v1.0\;C:\Windows\System32\OpenSSH\;C:\Program Files (x86)\NVIDIA Corporation\PhysX\Common;C:\Program Files\NVIDIA Corporation\NVIDIA NvDLISR;C:\WINDOWS\system32;C:\WINDOWS;C:\WINDOWS\System32\Wbem;C:\WINDOWS\System32\WindowsPowerShell\v1.0\;C:\WINDOWS\System32\OpenSSH\;C:\Program Files\Java\jdk-19\bin;C:\Program Files\Git\cmd;C:\Program Files\Git\mingw64\bin;C:\Program Files\Git\usr\bin;C:\Program Files (x86)\Microsoft SQL Server\160\DTS\Binn\;C:\Program Files\Azure Data Studio\bin;C:\Users\HP\AppData\Local\Programs\Python\Python310\Scripts\;C:\Users\HP\AppData\Local\Programs\Python\Python310\;C:\Users\HP\AppData\Local\Microsoft\WindowsApps;C:\MinGW\bin;C:\Users\HP\AppData\Local\Programs\Microsoft VS Code\bin;C:\Program Files\Azure Data Studio\bin
USERNAME=HP
OS=Windows_NT
PROCESSOR_IDENTIFIER=Intel64 Family 6 Model 142 Stepping 12, GenuineIntel



---------------  S Y S T E M  ---------------

OS: Windows 11 , 64 bit Build 22000 (10.0.22000.1516)
OS uptime: 3 days 1:56 hours

CPU:total 4 (initial active 4) (2 cores per cpu, 2 threads per core) family 6 model 142 stepping 12 microcode 0xea, cmov, cx8, fxsr, mmx, sse, sse2, sse3, ssse3, sse4.1, sse4.2, popcnt, avx, avx2, aes, clmul, erms, 3dnowpref, lzcnt, ht, tsc, tscinvbit, bmi1, bmi2, adx, fma

Memory: 4k page, system-wide physical 8079M (410M free)
TotalPageFile size 14529M (AvailPageFile size 2M)
current process WorkingSet (physical memory assigned to process): 155M, peak: 156M
current process commit charge ("private bytes"): 267M, peak: 267M

vm_info: OpenJDK 64-Bit Server VM (11.0.13+0-b1751.21-8125866) for windows-amd64 JRE (11.0.13+0-b1751.21-8125866), built on Feb  2 2022 03:00:22 by "builder" with MS VC++ 14.0 (VS2015)

END.
