#
# There is insufficient memory for the Java Runtime Environment to continue.
# Native memory allocation (malloc) failed to allocate 1048576 bytes for AllocateHeap
# Possible reasons:
#   The system is out of physical RAM or swap space
#   The process is running with CompressedOops enabled, and the Java Heap may be blocking the growth of the native heap
# Possible solutions:
#   Reduce memory load on the system
#   Increase physical memory or swap space
#   Check if swap backing store is full
#   Decrease Java heap size (-Xmx/-Xms)
#   Decrease number of Java threads
#   Decrease Java thread stack sizes (-Xss)
#   Set larger code cache with -XX:ReservedCodeCacheSize=
#   JVM is running with Unscaled Compressed Oops mode in which the Java heap is
#     placed in the first 4GB address space. The Java Heap base address is the
#     maximum limit for the native heap growth. Please use -XX:HeapBaseMinAddress
#     to set the Java Heap base and to place the Java Heap above 4GB virtual address.
# This output file may be truncated or incomplete.
#
#  Out of Memory Error (./src/hotspot/share/memory/allocation.cpp:46), pid=17532, tid=13448
#
# JRE version: OpenJDK Runtime Environment (11.0.13) (build 11.0.13+0-b1751.21-8125866)
# Java VM: OpenJDK 64-Bit Server VM (11.0.13+0-b1751.21-8125866, mixed mode, tiered, compressed oops, g1 gc, windows-amd64)
# No core dump will be written. Minidumps are not enabled by default on client versions of Windows
#

---------------  S U M M A R Y ------------

Command Line: -Djava.awt.headless=true -Djava.util.logging.config.file=C:\Users\HP\.android\utp\logging7583400887501828539properties -Dfile.encoding=UTF-8 -Duser.country=US -Duser.language=en -Duser.variant com.google.testing.platform.launcher.Launcher C:\Users\HP\.gradle\caches\modules-2\files-2.1\com.google.testing.platform\core\0.0.8-alpha07\185ff5f0c2380a7a283320bc5ec9130dbcbbb030\core-0.0.8-alpha07.jar --proto_config=C:\Users\HP\.android\utp\runnerConfig4820755960690566254.pb --proto_server_config=C:\Users\HP\.android\utp\serverConfig7900644759581557350.pb

Host: Intel(R) Core(TM) i3-8145U CPU @ 2.10GHz, 4 cores, 7G,  Windows 11 , 64 bit Build 22000 (10.0.22000.1516)
Time: Wed May 10 04:02:22 2023 Bangladesh Standard Time elapsed time: 0.635504 seconds (0d 0h 0m 0s)

---------------  T H R E A D  ---------------

Current thread (0x00000270ae641000):  VMThread "VM Thread" [stack: 0x000000ffc8a00000,0x000000ffc8b00000] [id=13448]

Stack: [0x000000ffc8a00000,0x000000ffc8b00000]
[error occurred during error reporting (printing stack bounds), id 0xc0000005, EXCEPTION_ACCESS_VIOLATION (0xc0000005) at pc=0x0000027097ee112d]

Native frames: (J=compiled Java code, j=interpreted, Vv=VM code, C=native code)
V  [jvm.dll+0x6100fa]
V  [jvm.dll+0x747090]
V  [jvm.dll+0x7486ad]
V  [jvm.dll+0x748ce5]
V  [jvm.dll+0x748c9b]
V  [jvm.dll+0x60f224]
V  [jvm.dll+0x60f9b8]
C  [ntdll.dll+0xa8b1f]
C  [ntdll.dll+0x35b9a]
C  [ntdll.dll+0xa7b2e]
C  0x0000027097ee112d

VM_Operation (0x000000ffc84faaa0): CollectForMetadataAllocation, mode: safepoint, requested by thread 0x0000027092bad800


---------------  P R O C E S S  ---------------

Threads class SMR info:
_java_thread_list=0x00000270af189660, length=11, elements={
0x0000027092bad800, 0x00000270ae668000, 0x00000270ae673800, 0x00000270aeff2800,
0x00000270ae688000, 0x00000270ae68a000, 0x00000270ae691000, 0x00000270ae692800,
0x00000270ae696800, 0x00000270af13b800, 0x00000270af3aa800
}

Java Threads: ( => current thread )
  0x0000027092bad800 JavaThread "main" [_thread_blocked, id=7628, stack(0x000000ffc8400000,0x000000ffc8500000)]
  0x00000270ae668000 JavaThread "Reference Handler" daemon [_thread_blocked, id=2364, stack(0x000000ffc8b00000,0x000000ffc8c00000)]
  0x00000270ae673800 JavaThread "Finalizer" daemon [_thread_blocked, id=12360, stack(0x000000ffc8c00000,0x000000ffc8d00000)]
  0x00000270aeff2800 JavaThread "Signal Dispatcher" daemon [_thread_blocked, id=3544, stack(0x000000ffc8d00000,0x000000ffc8e00000)]
  0x00000270ae688000 JavaThread "Attach Listener" daemon [_thread_blocked, id=15868, stack(0x000000ffc8e00000,0x000000ffc8f00000)]
  0x00000270ae68a000 JavaThread "Service Thread" daemon [_thread_blocked, id=9796, stack(0x000000ffc8f00000,0x000000ffc9000000)]
  0x00000270ae691000 JavaThread "C2 CompilerThread0" daemon [_thread_blocked, id=17320, stack(0x000000ffc9000000,0x000000ffc9100000)]
  0x00000270ae692800 JavaThread "C1 CompilerThread0" daemon [_thread_blocked, id=11004, stack(0x000000ffc9100000,0x000000ffc9200000)]
  0x00000270ae696800 JavaThread "Sweeper thread" daemon [_thread_blocked, id=15428, stack(0x000000ffc9200000,0x000000ffc9300000)]
  0x00000270af13b800 JavaThread "Common-Cleaner" daemon [_thread_blocked, id=11816, stack(0x000000ffc9400000,0x000000ffc9500000)]
  0x00000270af3aa800 JavaThread "C2 CompilerThread1" daemon [_thread_blocked, id=5060, stack(0x000000ffc9500000,0x000000ffc9600000)]

Other Threads:
=>0x00000270ae641000 VMThread "VM Thread" [stack: 0x000000ffc8a00000,0x000000ffc8b00000] [id=13448]
  0x00000270af142000 WatcherThread [stack: 0x000000ffc9300000,0x000000ffc9400000] [id=2776]
  0x0000027092bc6800 GCTaskThread "GC Thread#0" [stack: 0x000000ffc8500000,0x000000ffc8600000] [id=17684]
  0x00000270af1d8000 GCTaskThread "GC Thread#1" [stack: 0x000000ffc9600000,0x000000ffc9700000] [id=10420]
  0x00000270af5b6000 GCTaskThread "GC Thread#2" [stack: 0x000000ffc9700000,0x000000ffc9800000] [id=1140]
  0x0000027092bf7800 ConcurrentGCThread "G1 Main Marker" [stack: 0x000000ffc8600000,0x000000ffc8700000] [id=10200]
  0x0000027092bf8800 ConcurrentGCThread "G1 Conc#0" [stack: 0x000000ffc8700000,0x000000ffc8800000] [id=7348]
  0x0000027092c8c000 ConcurrentGCThread "G1 Refine#0" [stack: 0x000000ffc8800000,0x000000ffc8900000] [id=9124]
  0x0000027092c8d000 ConcurrentGCThread "G1 Young RemSet Sampling" [stack: 0x000000ffc8900000,0x000000ffc8a00000] [id=19080]

Threads with active compile tasks:

VM state:at safepoint (normal execution)

VM Mutex/Monitor currently owned by a thread:  ([mutex/lock_event])
[0x0000027092ba9670] Threads_lock - owner thread: 0x00000270ae641000
[0x0000027092baa2d0] Heap_lock - owner thread: 0x0000027092bad800

Heap address: 0x0000000081c00000, size: 2020 MB, Compressed Oops mode: 32-bit
Narrow klass base: 0x0000000000000000, Narrow klass shift: 3
Compressed class space size: 1073741824 Address: 0x0000000100000000

Heap:
 garbage-first heap   total 131072K, used 4917K [0x0000000081c00000, 0x0000000100000000)
  region size 1024K, 2 young (2048K), 2 survivors (2048K)
 Metaspace       used 11715K, capacity 11915K, committed 12032K, reserved 1085440K
  class space    used 1158K, capacity 1204K, committed 1280K, reserved 1048576K
Heap Regions: E=young(eden), S=young(survivor), O=old, HS=humongous(starts), HC=humongous(continues), CS=collection set, F=free, A=archive, TAMS=top-at-mark-start (previous, next)
|   0|0x0000000081c00000, 0x0000000081d00000, 0x0000000081d00000|100%|HS|  |TAMS 0x0000000081d00000, 0x0000000081d00000| Complete 
|   1|0x0000000081d00000, 0x0000000081e00000, 0x0000000081e00000|100%|HS|  |TAMS 0x0000000081e00000, 0x0000000081e00000| Complete 
|   2|0x0000000081e00000, 0x0000000081f00000, 0x0000000081f00000|100%|HC|  |TAMS 0x0000000081f00000, 0x0000000081f00000| Complete 
|   3|0x0000000081f00000, 0x0000000081f00000, 0x0000000082000000|  0%| F|  |TAMS 0x0000000081f00000, 0x0000000081f00000| Untracked 
|   4|0x0000000082000000, 0x0000000082000000, 0x0000000082100000|  0%| F|  |TAMS 0x0000000082000000, 0x0000000082000000| Untracked 
|   5|0x0000000082100000, 0x0000000082100000, 0x0000000082200000|  0%| F|  |TAMS 0x0000000082100000, 0x0000000082100000| Untracked 
|   6|0x0000000082200000, 0x0000000082200000, 0x0000000082300000|  0%| F|  |TAMS 0x0000000082200000, 0x0000000082200000| Untracked 
|   7|0x0000000082300000, 0x0000000082300000, 0x0000000082400000|  0%| F|  |TAMS 0x0000000082300000, 0x0000000082300000| Untracked 
|   8|0x0000000082400000, 0x0000000082400000, 0x0000000082500000|  0%| F|  |TAMS 0x0000000082400000, 0x0000000082400000| Untracked 
|   9|0x0000000082500000, 0x0000000082500000, 0x0000000082600000|  0%| F|  |TAMS 0x0000000082500000, 0x0000000082500000| Untracked 
|  10|0x0000000082600000, 0x0000000082600000, 0x0000000082700000|  0%| F|  |TAMS 0x0000000082600000, 0x0000000082600000| Untracked 
|  11|0x0000000082700000, 0x0000000082700000, 0x0000000082800000|  0%| F|  |TAMS 0x0000000082700000, 0x0000000082700000| Untracked 
|  12|0x0000000082800000, 0x0000000082800000, 0x0000000082900000|  0%| F|  |TAMS 0x0000000082800000, 0x0000000082800000| Untracked 
|  13|0x0000000082900000, 0x0000000082900000, 0x0000000082a00000|  0%| F|  |TAMS 0x0000000082900000, 0x0000000082900000| Untracked 
|  14|0x0000000082a00000, 0x0000000082a00000, 0x0000000082b00000|  0%| F|  |TAMS 0x0000000082a00000, 0x0000000082a00000| Untracked 
|  15|0x0000000082b00000, 0x0000000082b00000, 0x0000000082c00000|  0%| F|  |TAMS 0x0000000082b00000, 0x0000000082b00000| Untracked 
|  16|0x0000000082c00000, 0x0000000082c00000, 0x0000000082d00000|  0%| F|  |TAMS 0x0000000082c00000, 0x0000000082c00000| Untracked 
|  17|0x0000000082d00000, 0x0000000082d00000, 0x0000000082e00000|  0%| F|  |TAMS 0x0000000082d00000, 0x0000000082d00000| Untracked 
|  18|0x0000000082e00000, 0x0000000082e00000, 0x0000000082f00000|  0%| F|  |TAMS 0x0000000082e00000, 0x0000000082e00000| Untracked 
|  19|0x0000000082f00000, 0x0000000082f00000, 0x0000000083000000|  0%| F|  |TAMS 0x0000000082f00000, 0x0000000082f00000| Untracked 
|  20|0x0000000083000000, 0x0000000083000000, 0x0000000083100000|  0%| F|  |TAMS 0x0000000083000000, 0x0000000083000000| Untracked 
|  21|0x0000000083100000, 0x0000000083100000, 0x0000000083200000|  0%| F|  |TAMS 0x0000000083100000, 0x0000000083100000| Untracked 
|  22|0x0000000083200000, 0x0000000083200000, 0x0000000083300000|  0%| F|  |TAMS 0x0000000083200000, 0x0000000083200000| Untracked 
|  23|0x0000000083300000, 0x0000000083300000, 0x0000000083400000|  0%| F|  |TAMS 0x0000000083300000, 0x0000000083300000| Untracked 
|  24|0x0000000083400000, 0x0000000083400000, 0x0000000083500000|  0%| F|  |TAMS 0x0000000083400000, 0x0000000083400000| Untracked 
|  25|0x0000000083500000, 0x0000000083500000, 0x0000000083600000|  0%| F|  |TAMS 0x0000000083500000, 0x0000000083500000| Untracked 
|  26|0x0000000083600000, 0x0000000083600000, 0x0000000083700000|  0%| F|  |TAMS 0x0000000083600000, 0x0000000083600000| Untracked 
|  27|0x0000000083700000, 0x0000000083700000, 0x0000000083800000|  0%| F|  |TAMS 0x0000000083700000, 0x0000000083700000| Untracked 
|  28|0x0000000083800000, 0x0000000083800000, 0x0000000083900000|  0%| F|  |TAMS 0x0000000083800000, 0x0000000083800000| Untracked 
|  29|0x0000000083900000, 0x0000000083900000, 0x0000000083a00000|  0%| F|  |TAMS 0x0000000083900000, 0x0000000083900000| Untracked 
|  30|0x0000000083a00000, 0x0000000083a00000, 0x0000000083b00000|  0%| F|  |TAMS 0x0000000083a00000, 0x0000000083a00000| Untracked 
|  31|0x0000000083b00000, 0x0000000083b00000, 0x0000000083c00000|  0%| F|  |TAMS 0x0000000083b00000, 0x0000000083b00000| Untracked 
|  32|0x0000000083c00000, 0x0000000083c00000, 0x0000000083d00000|  0%| F|  |TAMS 0x0000000083c00000, 0x0000000083c00000| Untracked 
|  33|0x0000000083d00000, 0x0000000083d00000, 0x0000000083e00000|  0%| F|  |TAMS 0x0000000083d00000, 0x0000000083d00000| Untracked 
|  34|0x0000000083e00000, 0x0000000083e00000, 0x0000000083f00000|  0%| F|  |TAMS 0x0000000083e00000, 0x0000000083e00000| Untracked 
|  35|0x0000000083f00000, 0x0000000083f00000, 0x0000000084000000|  0%| F|  |TAMS 0x0000000083f00000, 0x0000000083f00000| Untracked 
|  36|0x0000000084000000, 0x0000000084000000, 0x0000000084100000|  0%| F|  |TAMS 0x0000000084000000, 0x0000000084000000| Untracked 
|  37|0x0000000084100000, 0x0000000084100000, 0x0000000084200000|  0%| F|  |TAMS 0x0000000084100000, 0x0000000084100000| Untracked 
|  38|0x0000000084200000, 0x0000000084200000, 0x0000000084300000|  0%| F|  |TAMS 0x0000000084200000, 0x0000000084200000| Untracked 
|  39|0x0000000084300000, 0x0000000084300000, 0x0000000084400000|  0%| F|  |TAMS 0x0000000084300000, 0x0000000084300000| Untracked 
|  40|0x0000000084400000, 0x0000000084400000, 0x0000000084500000|  0%| F|  |TAMS 0x0000000084400000, 0x0000000084400000| Untracked 
|  41|0x0000000084500000, 0x0000000084500000, 0x0000000084600000|  0%| F|  |TAMS 0x0000000084500000, 0x0000000084500000| Untracked 
|  42|0x0000000084600000, 0x0000000084600000, 0x0000000084700000|  0%| F|  |TAMS 0x0000000084600000, 0x0000000084600000| Untracked 
|  43|0x0000000084700000, 0x0000000084700000, 0x0000000084800000|  0%| F|  |TAMS 0x0000000084700000, 0x0000000084700000| Untracked 
|  44|0x0000000084800000, 0x0000000084800000, 0x0000000084900000|  0%| F|  |TAMS 0x0000000084800000, 0x0000000084800000| Untracked 
|  45|0x0000000084900000, 0x0000000084900000, 0x0000000084a00000|  0%| F|  |TAMS 0x0000000084900000, 0x0000000084900000| Untracked 
|  46|0x0000000084a00000, 0x0000000084a00000, 0x0000000084b00000|  0%| F|  |TAMS 0x0000000084a00000, 0x0000000084a00000| Untracked 
|  47|0x0000000084b00000, 0x0000000084b00000, 0x0000000084c00000|  0%| F|  |TAMS 0x0000000084b00000, 0x0000000084b00000| Untracked 
|  48|0x0000000084c00000, 0x0000000084c00000, 0x0000000084d00000|  0%| F|  |TAMS 0x0000000084c00000, 0x0000000084c00000| Untracked 
|  49|0x0000000084d00000, 0x0000000084d00000, 0x0000000084e00000|  0%| F|  |TAMS 0x0000000084d00000, 0x0000000084d00000| Untracked 
|  50|0x0000000084e00000, 0x0000000084e00000, 0x0000000084f00000|  0%| F|  |TAMS 0x0000000084e00000, 0x0000000084e00000| Untracked 
|  51|0x0000000084f00000, 0x0000000084f00000, 0x0000000085000000|  0%| F|  |TAMS 0x0000000084f00000, 0x0000000084f00000| Untracked 
|  52|0x0000000085000000, 0x0000000085000000, 0x0000000085100000|  0%| F|  |TAMS 0x0000000085000000, 0x0000000085000000| Untracked 
|  53|0x0000000085100000, 0x0000000085100000, 0x0000000085200000|  0%| F|  |TAMS 0x0000000085100000, 0x0000000085100000| Untracked 
|  54|0x0000000085200000, 0x0000000085200000, 0x0000000085300000|  0%| F|  |TAMS 0x0000000085200000, 0x0000000085200000| Untracked 
|  55|0x0000000085300000, 0x0000000085300000, 0x0000000085400000|  0%| F|  |TAMS 0x0000000085300000, 0x0000000085300000| Untracked 
|  56|0x0000000085400000, 0x0000000085400000, 0x0000000085500000|  0%| F|  |TAMS 0x0000000085400000, 0x0000000085400000| Untracked 
|  57|0x0000000085500000, 0x0000000085500000, 0x0000000085600000|  0%| F|  |TAMS 0x0000000085500000, 0x0000000085500000| Untracked 
|  58|0x0000000085600000, 0x0000000085600000, 0x0000000085700000|  0%| F|  |TAMS 0x0000000085600000, 0x0000000085600000| Untracked 
|  59|0x0000000085700000, 0x0000000085700000, 0x0000000085800000|  0%| F|  |TAMS 0x0000000085700000, 0x0000000085700000| Untracked 
|  60|0x0000000085800000, 0x0000000085800000, 0x0000000085900000|  0%| F|  |TAMS 0x0000000085800000, 0x0000000085800000| Untracked 
|  61|0x0000000085900000, 0x0000000085900000, 0x0000000085a00000|  0%| F|  |TAMS 0x0000000085900000, 0x0000000085900000| Untracked 
|  62|0x0000000085a00000, 0x0000000085a00000, 0x0000000085b00000|  0%| F|  |TAMS 0x0000000085a00000, 0x0000000085a00000| Untracked 
|  63|0x0000000085b00000, 0x0000000085b00000, 0x0000000085c00000|  0%| F|  |TAMS 0x0000000085b00000, 0x0000000085b00000| Untracked 
|  64|0x0000000085c00000, 0x0000000085c00000, 0x0000000085d00000|  0%| F|  |TAMS 0x0000000085c00000, 0x0000000085c00000| Untracked 
|  65|0x0000000085d00000, 0x0000000085d00000, 0x0000000085e00000|  0%| F|  |TAMS 0x0000000085d00000, 0x0000000085d00000| Untracked 
|  66|0x0000000085e00000, 0x0000000085e00000, 0x0000000085f00000|  0%| F|  |TAMS 0x0000000085e00000, 0x0000000085e00000| Untracked 
|  67|0x0000000085f00000, 0x0000000085f00000, 0x0000000086000000|  0%| F|  |TAMS 0x0000000085f00000, 0x0000000085f00000| Untracked 
|  68|0x0000000086000000, 0x0000000086000000, 0x0000000086100000|  0%| F|  |TAMS 0x0000000086000000, 0x0000000086000000| Untracked 
|  69|0x0000000086100000, 0x0000000086100000, 0x0000000086200000|  0%| F|  |TAMS 0x0000000086100000, 0x0000000086100000| Untracked 
|  70|0x0000000086200000, 0x0000000086200000, 0x0000000086300000|  0%| F|  |TAMS 0x0000000086200000, 0x0000000086200000| Untracked 
|  71|0x0000000086300000, 0x0000000086300000, 0x0000000086400000|  0%| F|  |TAMS 0x0000000086300000, 0x0000000086300000| Untracked 
|  72|0x0000000086400000, 0x0000000086400000, 0x0000000086500000|  0%| F|  |TAMS 0x0000000086400000, 0x0000000086400000| Untracked 
|  73|0x0000000086500000, 0x0000000086500000, 0x0000000086600000|  0%| F|  |TAMS 0x0000000086500000, 0x0000000086500000| Untracked 
|  74|0x0000000086600000, 0x0000000086600000, 0x0000000086700000|  0%| F|  |TAMS 0x0000000086600000, 0x0000000086600000| Untracked 
|  75|0x0000000086700000, 0x0000000086700000, 0x0000000086800000|  0%| F|  |TAMS 0x0000000086700000, 0x0000000086700000| Untracked 
|  76|0x0000000086800000, 0x0000000086800000, 0x0000000086900000|  0%| F|  |TAMS 0x0000000086800000, 0x0000000086800000| Untracked 
|  77|0x0000000086900000, 0x0000000086900000, 0x0000000086a00000|  0%| F|  |TAMS 0x0000000086900000, 0x0000000086900000| Untracked 
|  78|0x0000000086a00000, 0x0000000086a00000, 0x0000000086b00000|  0%| F|  |TAMS 0x0000000086a00000, 0x0000000086a00000| Untracked 
|  79|0x0000000086b00000, 0x0000000086b00000, 0x0000000086c00000|  0%| F|  |TAMS 0x0000000086b00000, 0x0000000086b00000| Untracked 
|  80|0x0000000086c00000, 0x0000000086c00000, 0x0000000086d00000|  0%| F|  |TAMS 0x0000000086c00000, 0x0000000086c00000| Untracked 
|  81|0x0000000086d00000, 0x0000000086d00000, 0x0000000086e00000|  0%| F|  |TAMS 0x0000000086d00000, 0x0000000086d00000| Untracked 
|  82|0x0000000086e00000, 0x0000000086e00000, 0x0000000086f00000|  0%| F|  |TAMS 0x0000000086e00000, 0x0000000086e00000| Untracked 
|  83|0x0000000086f00000, 0x0000000086f00000, 0x0000000087000000|  0%| F|  |TAMS 0x0000000086f00000, 0x0000000086f00000| Untracked 
|  84|0x0000000087000000, 0x0000000087000000, 0x0000000087100000|  0%| F|  |TAMS 0x0000000087000000, 0x0000000087000000| Untracked 
|  85|0x0000000087100000, 0x0000000087100000, 0x0000000087200000|  0%| F|  |TAMS 0x0000000087100000, 0x0000000087100000| Untracked 
|  86|0x0000000087200000, 0x0000000087200000, 0x0000000087300000|  0%| F|  |TAMS 0x0000000087200000, 0x0000000087200000| Untracked 
|  87|0x0000000087300000, 0x0000000087300000, 0x0000000087400000|  0%| F|  |TAMS 0x0000000087300000, 0x0000000087300000| Untracked 
|  88|0x0000000087400000, 0x0000000087400000, 0x0000000087500000|  0%| F|  |TAMS 0x0000000087400000, 0x0000000087400000| Untracked 
|  89|0x0000000087500000, 0x0000000087500000, 0x0000000087600000|  0%| F|  |TAMS 0x0000000087500000, 0x0000000087500000| Untracked 
|  90|0x0000000087600000, 0x0000000087600000, 0x0000000087700000|  0%| F|  |TAMS 0x0000000087600000, 0x0000000087600000| Untracked 
|  91|0x0000000087700000, 0x0000000087700000, 0x0000000087800000|  0%| F|  |TAMS 0x0000000087700000, 0x0000000087700000| Untracked 
|  92|0x0000000087800000, 0x0000000087800000, 0x0000000087900000|  0%| F|  |TAMS 0x0000000087800000, 0x0000000087800000| Untracked 
|  93|0x0000000087900000, 0x0000000087900000, 0x0000000087a00000|  0%| F|  |TAMS 0x0000000087900000, 0x0000000087900000| Untracked 
|  94|0x0000000087a00000, 0x0000000087a00000, 0x0000000087b00000|  0%| F|  |TAMS 0x0000000087a00000, 0x0000000087a00000| Untracked 
|  95|0x0000000087b00000, 0x0000000087b00000, 0x0000000087c00000|  0%| F|  |TAMS 0x0000000087b00000, 0x0000000087b00000| Untracked 
|  96|0x0000000087c00000, 0x0000000087c00000, 0x0000000087d00000|  0%| F|  |TAMS 0x0000000087c00000, 0x0000000087c00000| Untracked 
|  97|0x0000000087d00000, 0x0000000087d00000, 0x0000000087e00000|  0%| F|  |TAMS 0x0000000087d00000, 0x0000000087d00000| Untracked 
|  98|0x0000000087e00000, 0x0000000087e00000, 0x0000000087f00000|  0%| F|  |TAMS 0x0000000087e00000, 0x0000000087e00000| Untracked 
|  99|0x0000000087f00000, 0x0000000087f00000, 0x0000000088000000|  0%| F|  |TAMS 0x0000000087f00000, 0x0000000087f00000| Untracked 
| 100|0x0000000088000000, 0x0000000088000000, 0x0000000088100000|  0%| F|  |TAMS 0x0000000088000000, 0x0000000088000000| Untracked 
| 101|0x0000000088100000, 0x0000000088100000, 0x0000000088200000|  0%| F|  |TAMS 0x0000000088100000, 0x0000000088100000| Untracked 
| 102|0x0000000088200000, 0x0000000088200000, 0x0000000088300000|  0%| F|  |TAMS 0x0000000088200000, 0x0000000088200000| Untracked 
| 103|0x0000000088300000, 0x0000000088300000, 0x0000000088400000|  0%| F|  |TAMS 0x0000000088300000, 0x0000000088300000| Untracked 
| 104|0x0000000088400000, 0x0000000088400000, 0x0000000088500000|  0%| F|  |TAMS 0x0000000088400000, 0x0000000088400000| Untracked 
| 105|0x0000000088500000, 0x0000000088500000, 0x0000000088600000|  0%| F|  |TAMS 0x0000000088500000, 0x0000000088500000| Untracked 
| 106|0x0000000088600000, 0x0000000088600000, 0x0000000088700000|  0%| F|  |TAMS 0x0000000088600000, 0x0000000088600000| Untracked 
| 107|0x0000000088700000, 0x0000000088700000, 0x0000000088800000|  0%| F|  |TAMS 0x0000000088700000, 0x0000000088700000| Untracked 
| 108|0x0000000088800000, 0x0000000088800000, 0x0000000088900000|  0%| F|  |TAMS 0x0000000088800000, 0x0000000088800000| Untracked 
| 109|0x0000000088900000, 0x0000000088900000, 0x0000000088a00000|  0%| F|  |TAMS 0x0000000088900000, 0x0000000088900000| Untracked 
| 110|0x0000000088a00000, 0x0000000088a00000, 0x0000000088b00000|  0%| F|  |TAMS 0x0000000088a00000, 0x0000000088a00000| Untracked 
| 111|0x0000000088b00000, 0x0000000088b00000, 0x0000000088c00000|  0%| F|  |TAMS 0x0000000088b00000, 0x0000000088b00000| Untracked 
| 112|0x0000000088c00000, 0x0000000088c00000, 0x0000000088d00000|  0%| F|  |TAMS 0x0000000088c00000, 0x0000000088c00000| Untracked 
| 113|0x0000000088d00000, 0x0000000088d00000, 0x0000000088e00000|  0%| F|  |TAMS 0x0000000088d00000, 0x0000000088d00000| Untracked 
| 114|0x0000000088e00000, 0x0000000088e00000, 0x0000000088f00000|  0%| F|  |TAMS 0x0000000088e00000, 0x0000000088e00000| Untracked 
| 115|0x0000000088f00000, 0x0000000088f00000, 0x0000000089000000|  0%| F|  |TAMS 0x0000000088f00000, 0x0000000088f00000| Untracked 
| 116|0x0000000089000000, 0x0000000089000000, 0x0000000089100000|  0%| F|  |TAMS 0x0000000089000000, 0x0000000089000000| Untracked 
| 117|0x0000000089100000, 0x0000000089100000, 0x0000000089200000|  0%| F|  |TAMS 0x0000000089100000, 0x0000000089100000| Untracked 
| 118|0x0000000089200000, 0x0000000089200000, 0x0000000089300000|  0%| F|  |TAMS 0x0000000089200000, 0x0000000089200000| Untracked 
| 119|0x0000000089300000, 0x0000000089300000, 0x0000000089400000|  0%| F|  |TAMS 0x0000000089300000, 0x0000000089300000| Untracked 
| 120|0x0000000089400000, 0x0000000089400000, 0x0000000089500000|  0%| F|  |TAMS 0x0000000089400000, 0x0000000089400000| Untracked 
| 121|0x0000000089500000, 0x0000000089500000, 0x0000000089600000|  0%| F|  |TAMS 0x0000000089500000, 0x0000000089500000| Untracked 
| 122|0x0000000089600000, 0x0000000089600000, 0x0000000089700000|  0%| F|  |TAMS 0x0000000089600000, 0x0000000089600000| Untracked 
| 123|0x0000000089700000, 0x0000000089700000, 0x0000000089800000|  0%| F|  |TAMS 0x0000000089700000, 0x0000000089700000| Untracked 
| 124|0x0000000089800000, 0x00000000898cd460, 0x0000000089900000| 80%| S|CS|TAMS 0x0000000089800000, 0x0000000089800000| Complete 
| 125|0x0000000089900000, 0x0000000089a00000, 0x0000000089a00000|100%| S|CS|TAMS 0x0000000089900000, 0x0000000089900000| Complete 
| 126|0x0000000089a00000, 0x0000000089a00000, 0x0000000089b00000|  0%| F|  |TAMS 0x0000000089a00000, 0x0000000089a00000| Untracked 
| 127|0x0000000089b00000, 0x0000000089b00000, 0x0000000089c00000|  0%| F|  |TAMS 0x0000000089b00000, 0x0000000089b00000| Untracked 

Card table byte_map: [0x00000270a7900000,0x00000270a7d00000] _byte_map_base: 0x00000270a74f2000

Marking Bits (Prev, Next): (CMBitMap*) 0x0000027092beedf8, (CMBitMap*) 0x0000027092beee30
 Prev Bits: [0x00000270a8100000, 0x00000270aa090000)
 Next Bits: [0x00000270aa090000, 0x00000270ac020000)

Polling page: 0x0000027092c90000

Metaspace:

Usage:
  Non-class:     10.46 MB capacity,    10.31 MB ( 99%) used,   139.88 KB (  1%) free+waste,    13.56 KB ( <1%) overhead. 
      Class:      1.18 MB capacity,     1.13 MB ( 96%) used,    39.66 KB (  3%) free+waste,     6.00 KB ( <1%) overhead. 
       Both:     11.64 MB capacity,    11.44 MB ( 98%) used,   179.55 KB (  2%) free+waste,    19.56 KB ( <1%) overhead. 

Virtual space:
  Non-class space:       36.00 MB reserved,      10.50 MB ( 29%) committed 
      Class space:        1.00 GB reserved,       1.25 MB ( <1%) committed 
             Both:        1.04 GB reserved,      11.75 MB (  1%) committed 

Chunk freelists:
   Non-Class:  41.00 KB
       Class:  12.00 KB
        Both:  53.00 KB

MaxMetaspaceSize: 17179869184.00 GB
CompressedClassSpaceSize: 1.00 GB
Initial GC threshold: 20.80 MB
Current GC threshold: 21.77 MB
CDS: off

CodeHeap 'non-profiled nmethods': size=120064Kb used=175Kb max_used=175Kb free=119888Kb
 bounds [0x000002709f9a0000, 0x000002709fc10000, 0x00000270a6ee0000]
CodeHeap 'profiled nmethods': size=120000Kb used=1079Kb max_used=1079Kb free=118920Kb
 bounds [0x0000027098470000, 0x00000270986e0000, 0x000002709f9a0000]
CodeHeap 'non-nmethods': size=5696Kb used=1135Kb max_used=1146Kb free=4561Kb
 bounds [0x0000027097ee0000, 0x0000027098150000, 0x0000027098470000]
 total_blobs=1016 nmethods=626 adapters=303
 compilation: enabled
              stopped_count=0, restarted_count=0
 full_count=0

Compilation events (20 events):
Event: 0.616 Thread 0x00000270ae692800  617       3       sun.net.www.protocol.jar.Handler::parseURL (212 bytes)
Event: 0.617 Thread 0x00000270ae692800 nmethod 617 0x0000027098572a90 code [0x0000027098572e20, 0x0000027098574168]
Event: 0.617 Thread 0x00000270ae692800  621   !   3       java.net.URL::set (114 bytes)
Event: 0.618 Thread 0x00000270ae692800 nmethod 621 0x0000027098574a10 code [0x0000027098574ca0, 0x0000027098575a18]
Event: 0.618 Thread 0x00000270ae692800  618       3       sun.net.www.protocol.jar.Handler::parseContextSpec (150 bytes)
Event: 0.619 Thread 0x00000270af3aa800  623       4       java.lang.AbstractStringBuilder::append (45 bytes)
Event: 0.619 Thread 0x00000270ae692800 nmethod 618 0x0000027098575e90 code [0x0000027098576380, 0x00000270985785b8]
Event: 0.619 Thread 0x00000270ae692800  620       3       java.lang.ClassLoader::postDefineClass (39 bytes)
Event: 0.619 Thread 0x00000270ae692800 nmethod 620 0x0000027098579190 code [0x0000027098579380, 0x0000027098579698]
Event: 0.619 Thread 0x00000270ae692800  619       3       java.util.zip.CRC32::<init> (5 bytes)
Event: 0.620 Thread 0x00000270ae692800 nmethod 619 0x0000027098579810 code [0x00000270985799c0, 0x0000027098579b18]
Event: 0.620 Thread 0x00000270ae692800  622       3       com.google.common.io.BaseEncoding$Alphabet::encode (7 bytes)
Event: 0.620 Thread 0x00000270ae692800 nmethod 622 0x0000027098579c10 code [0x0000027098579dc0, 0x0000027098579ef8]
Event: 0.622 Thread 0x00000270ae692800  624       3       jdk.internal.loader.BuiltinClassLoader::getAndVerifyPackage (109 bytes)
Event: 0.623 Thread 0x00000270ae692800 nmethod 624 0x000002709857a010 code [0x000002709857a400, 0x000002709857bdc8]
Event: 0.623 Thread 0x00000270ae692800  625       3       java.util.jar.JavaUtilJarAccessImpl::getTrustedAttributes (6 bytes)
Event: 0.623 Thread 0x00000270ae692800 nmethod 625 0x000002709857c690 code [0x000002709857c840, 0x000002709857c988]
Event: 0.623 Thread 0x00000270ae692800  626       3       java.util.jar.Manifest::getTrustedAttributes (57 bytes)
Event: 0.624 Thread 0x00000270ae692800 nmethod 626 0x000002709857ca90 code [0x000002709857cd20, 0x000002709857d898]
Event: 0.624 Thread 0x00000270af3aa800 nmethod 623 0x000002709f9cb510 code [0x000002709f9cb6c0, 0x000002709f9cbc18]

GC Heap History (6 events):
Event: 0.495 GC heap before
{Heap before GC invocations=0 (full 0):
 garbage-first heap   total 131072K, used 11264K [0x0000000081c00000, 0x0000000100000000)
  region size 1024K, 9 young (9216K), 0 survivors (0K)
 Metaspace       used 9448K, capacity 9591K, committed 9728K, reserved 1069056K
  class space    used 837K, capacity 918K, committed 1024K, reserved 1048576K
}
Event: 0.507 GC heap after
{Heap after GC invocations=1 (full 0):
 garbage-first heap   total 131072K, used 4396K [0x0000000081c00000, 0x0000000100000000)
  region size 1024K, 2 young (2048K), 2 survivors (2048K)
 Metaspace       used 9448K, capacity 9591K, committed 9728K, reserved 1069056K
  class space    used 837K, capacity 918K, committed 1024K, reserved 1048576K
}
Event: 0.597 GC heap before
{Heap before GC invocations=2 (full 0):
 garbage-first heap   total 131072K, used 8492K [0x0000000081c00000, 0x0000000100000000)
  region size 1024K, 7 young (7168K), 2 survivors (2048K)
 Metaspace       used 11203K, capacity 11351K, committed 11520K, reserved 1075200K
  class space    used 1078K, capacity 1165K, committed 1280K, reserved 1048576K
}
Event: 0.599 GC heap after
{Heap after GC invocations=3 (full 0):
 garbage-first heap   total 131072K, used 4739K [0x0000000081c00000, 0x0000000100000000)
  region size 1024K, 2 young (2048K), 2 survivors (2048K)
 Metaspace       used 11203K, capacity 11351K, committed 11520K, reserved 1075200K
  class space    used 1078K, capacity 1165K, committed 1280K, reserved 1048576K
}
Event: 0.626 GC heap before
{Heap before GC invocations=4 (full 0):
 garbage-first heap   total 131072K, used 5763K [0x0000000081c00000, 0x0000000100000000)
  region size 1024K, 4 young (4096K), 2 survivors (2048K)
 Metaspace       used 11715K, capacity 11915K, committed 12032K, reserved 1083392K
  class space    used 1158K, capacity 1204K, committed 1280K, reserved 1048576K
}
Event: 0.629 GC heap after
{Heap after GC invocations=5 (full 0):
 garbage-first heap   total 131072K, used 4917K [0x0000000081c00000, 0x0000000100000000)
  region size 1024K, 2 young (2048K), 2 survivors (2048K)
 Metaspace       used 11715K, capacity 11915K, committed 12032K, reserved 1083392K
  class space    used 1158K, capacity 1204K, committed 1280K, reserved 1048576K
}

Deoptimization events (6 events):
Event: 0.210 Thread 0x0000027092bad800 Uncommon trap: trap_request=0xffffff4d fr.pc=0x000002709f9a3c90 relative=0x00000000000001f0
Event: 0.210 Thread 0x0000027092bad800 Uncommon trap: reason=unstable_if action=reinterpret pc=0x000002709f9a3c90 method=java.lang.String.hashCode()I @ 14 c2
Event: 0.210 Thread 0x0000027092bad800 DEOPT PACKING pc=0x000002709f9a3c90 sp=0x000000ffc84fd700
Event: 0.210 Thread 0x0000027092bad800 DEOPT UNPACKING pc=0x0000027097f2a1af sp=0x000000ffc84fd698 mode 2
Event: 0.479 Thread 0x0000027092bad800 DEOPT PACKING pc=0x00000270984e2138 sp=0x000000ffc84fb810
Event: 0.479 Thread 0x0000027092bad800 DEOPT UNPACKING pc=0x0000027097f2a95e sp=0x000000ffc84fac80 mode 0

Classes redefined (0 events):
No events

Internal exceptions (5 events):
Event: 0.406 Thread 0x0000027092bad800 Exception <a 'java/lang/NoSuchMethodError'{0x00000000898c5a10}: 'int java.lang.invoke.DirectMethodHandle$Holder.invokeSpecialIFC(java.lang.Object, java.lang.Object, int)'> (0x00000000898c5a10) thrown at [./src/hotspot/share/interpreter/linkResolver.cpp, line 773]
Event: 0.573 Thread 0x0000027092bad800 Exception <a 'java/lang/NoClassDefFoundError'{0x00000000898d0668}: org/slf4j/LoggerFactory> (0x00000000898d0668) thrown at [./src/hotspot/share/classfile/systemDictionary.cpp, line 220]
Event: 0.573 Thread 0x0000027092bad800 Exception <a 'java/lang/NoClassDefFoundError'{0x00000000898d74c8}: org/apache/logging/log4j/spi/ExtendedLoggerWrapper> (0x00000000898d74c8) thrown at [./src/hotspot/share/classfile/systemDictionary.cpp, line 220]
Event: 0.574 Thread 0x0000027092bad800 Exception <a 'java/lang/NoClassDefFoundError'{0x00000000898deed0}: org/apache/log4j/Priority> (0x00000000898deed0) thrown at [./src/hotspot/share/classfile/systemDictionary.cpp, line 220]
Event: 0.593 Thread 0x0000027092bad800 Exception <a 'java/lang/NoSuchMethodError'{0x0000000089759c50}: 'java.lang.Object java.lang.invoke.DirectMethodHandle$Holder.invokeStaticInit(java.lang.Object, java.lang.Object, java.lang.Object)'> (0x0000000089759c50) thrown at [./src/hotspot/share/interpreter/linkResolver.cpp, line 773]

Events (20 events):
Event: 0.624 loading class java/lang/ProcessEnvironment
Event: 0.624 loading class java/lang/ProcessEnvironment done
Event: 0.625 Executing VM operation: Deoptimize
Event: 0.625 Executing VM operation: Deoptimize done
Event: 0.625 loading class java/lang/ProcessEnvironment$NameComparator
Event: 0.625 loading class java/lang/ProcessEnvironment$NameComparator done
Event: 0.625 loading class java/lang/ProcessEnvironment$EntryComparator
Event: 0.625 loading class java/lang/ProcessEnvironment$EntryComparator done
Event: 0.625 loading class java/util/TreeMap
Event: 0.625 loading class java/util/NavigableMap
Event: 0.625 loading class java/util/SortedMap
Event: 0.625 loading class java/util/SortedMap done
Event: 0.625 loading class java/util/NavigableMap done
Event: 0.626 loading class java/util/TreeMap done
Event: 0.626 loading class java/lang/ProcessEnvironment$CheckedEntrySet
Event: 0.626 loading class java/lang/ProcessEnvironment$CheckedEntrySet done
Event: 0.626 loading class java/lang/ProcessEnvironment$CheckedEntrySet$1
Event: 0.626 loading class java/lang/ProcessEnvironment$CheckedEntrySet$1 done
Event: 0.626 loading class java/lang/ProcessEnvironment$CheckedEntry
Event: 0.626 Executing VM operation: CollectForMetadataAllocation


Dynamic libraries:
0x00007ff7ac790000 - 0x00007ff7ac79a000 	C:\Program Files\Android\Android Studio\jre\bin\java.exe
0x00007ff8fd880000 - 0x00007ff8fda89000 	C:\WINDOWS\SYSTEM32\ntdll.dll
0x00007ff8fbc90000 - 0x00007ff8fbd4e000 	C:\WINDOWS\System32\KERNEL32.DLL
0x00007ff8faf90000 - 0x00007ff8fb30c000 	C:\WINDOWS\System32\KERNELBASE.dll
0x00007ff8fad50000 - 0x00007ff8fae61000 	C:\WINDOWS\System32\ucrtbase.dll
0x00007ff8f3e00000 - 0x00007ff8f3e19000 	C:\Program Files\Android\Android Studio\jre\bin\jli.dll
0x00007ff8e6200000 - 0x00007ff8e6217000 	C:\Program Files\Android\Android Studio\jre\bin\VCRUNTIME140.dll
0x00007ff8fc730000 - 0x00007ff8fc8dd000 	C:\WINDOWS\System32\USER32.dll
0x00007ff8e10f0000 - 0x00007ff8e1395000 	C:\WINDOWS\WinSxS\amd64_microsoft.windows.common-controls_6595b64144ccf1df_6.0.22000.120_none_9d947278b86cc467\COMCTL32.dll
0x00007ff8fb3d0000 - 0x00007ff8fb3f6000 	C:\WINDOWS\System32\win32u.dll
0x00007ff8fd5d0000 - 0x00007ff8fd673000 	C:\WINDOWS\System32\msvcrt.dll
0x00007ff8fbaa0000 - 0x00007ff8fbac9000 	C:\WINDOWS\System32\GDI32.dll
0x00007ff8fb400000 - 0x00007ff8fb518000 	C:\WINDOWS\System32\gdi32full.dll
0x00007ff8faef0000 - 0x00007ff8faf8d000 	C:\WINDOWS\System32\msvcp_win.dll
0x00007ff8fcee0000 - 0x00007ff8fcf11000 	C:\WINDOWS\System32\IMM32.DLL
0x00007ff8cb3b0000 - 0x00007ff8cb44d000 	C:\Program Files\Android\Android Studio\jre\bin\msvcp140.dll
0x00007ff893a40000 - 0x00007ff894542000 	C:\Program Files\Android\Android Studio\jre\bin\server\jvm.dll
0x00007ff8fc8e0000 - 0x00007ff8fc98e000 	C:\WINDOWS\System32\ADVAPI32.dll
0x00007ff8fd510000 - 0x00007ff8fd5ae000 	C:\WINDOWS\System32\sechost.dll
0x00007ff8fd3f0000 - 0x00007ff8fd510000 	C:\WINDOWS\System32\RPCRT4.dll
0x00007ff8fd3e0000 - 0x00007ff8fd3e8000 	C:\WINDOWS\System32\PSAPI.DLL
0x00007ff8f5da0000 - 0x00007ff8f5daa000 	C:\WINDOWS\SYSTEM32\VERSION.dll
0x00007ff8f5080000 - 0x00007ff8f50b3000 	C:\WINDOWS\SYSTEM32\WINMM.dll
0x00007ff8d97e0000 - 0x00007ff8d97e9000 	C:\WINDOWS\SYSTEM32\WSOCK32.dll
0x00007ff8fd340000 - 0x00007ff8fd3af000 	C:\WINDOWS\System32\WS2_32.dll
0x00007ff8f9dd0000 - 0x00007ff8f9de8000 	C:\WINDOWS\SYSTEM32\kernel.appcore.dll
0x00007ff8f5a80000 - 0x00007ff8f5a91000 	C:\Program Files\Android\Android Studio\jre\bin\verify.dll
0x00007ff8f89b0000 - 0x00007ff8f8bd1000 	C:\WINDOWS\SYSTEM32\DBGHELP.DLL
0x00007ff8dd4a0000 - 0x00007ff8dd4d1000 	C:\WINDOWS\SYSTEM32\dbgcore.DLL
0x00007ff8fae70000 - 0x00007ff8faeef000 	C:\WINDOWS\System32\bcryptPrimitives.dll
0x00007ff8f3e80000 - 0x00007ff8f3ea9000 	C:\Program Files\Android\Android Studio\jre\bin\java.dll
0x00007ff8f6620000 - 0x00007ff8f662b000 	C:\Program Files\Android\Android Studio\jre\bin\jimage.dll
0x00007ff8f58c0000 - 0x00007ff8f58d8000 	C:\Program Files\Android\Android Studio\jre\bin\zip.dll
0x00007ff8fbeb0000 - 0x00007ff8fc675000 	C:\WINDOWS\System32\SHELL32.dll
0x00007ff8f8e40000 - 0x00007ff8f96a5000 	C:\WINDOWS\SYSTEM32\windows.storage.dll
0x00007ff8fcf30000 - 0x00007ff8fd2a6000 	C:\WINDOWS\System32\combase.dll
0x00007ff8f8cd0000 - 0x00007ff8f8e36000 	C:\WINDOWS\SYSTEM32\wintypes.dll
0x00007ff8fbdb0000 - 0x00007ff8fbe9a000 	C:\WINDOWS\System32\SHCORE.dll
0x00007ff8fbb40000 - 0x00007ff8fbb9d000 	C:\WINDOWS\System32\shlwapi.dll
0x00007ff8fac80000 - 0x00007ff8faca1000 	C:\WINDOWS\SYSTEM32\profapi.dll
0x00007ff8f5840000 - 0x00007ff8f585a000 	C:\Program Files\Android\Android Studio\jre\bin\net.dll
0x00007ff8f4ea0000 - 0x00007ff8f4fb2000 	C:\WINDOWS\SYSTEM32\WINHTTP.dll
0x00007ff8fa270000 - 0x00007ff8fa2d7000 	C:\WINDOWS\system32\mswsock.dll
0x00007ff8f55f0000 - 0x00007ff8f5604000 	C:\Program Files\Android\Android Studio\jre\bin\nio.dll
0x00007ff8f5f90000 - 0x00007ff8f5f9a000 	C:\Program Files\Android\Android Studio\jre\bin\management.dll
0x00007ff8f5720000 - 0x00007ff8f572d000 	C:\Program Files\Android\Android Studio\jre\bin\management_ext.dll

dbghelp: loaded successfully - version: 4.0.5 - missing functions: none
symbol engine: initialized successfully - sym options: 0x614 - pdb path: .;C:\Program Files\Android\Android Studio\jre\bin;C:\WINDOWS\SYSTEM32;C:\WINDOWS\WinSxS\amd64_microsoft.windows.common-controls_6595b64144ccf1df_6.0.22000.120_none_9d947278b86cc467;C:\Program Files\Android\Android Studio\jre\bin\server

VM Arguments:
jvm_args: -Djava.awt.headless=true -Djava.util.logging.config.file=C:\Users\HP\.android\utp\logging7583400887501828539properties -Dfile.encoding=UTF-8 -Duser.country=US -Duser.language=en -Duser.variant 
java_command: com.google.testing.platform.launcher.Launcher C:\Users\HP\.gradle\caches\modules-2\files-2.1\com.google.testing.platform\core\0.0.8-alpha07\185ff5f0c2380a7a283320bc5ec9130dbcbbb030\core-0.0.8-alpha07.jar --proto_config=C:\Users\HP\.android\utp\runnerConfig4820755960690566254.pb --proto_server_config=C:\Users\HP\.android\utp\serverConfig7900644759581557350.pb
java_class_path (initial): C:\Users\HP\.gradle\caches\modules-2\files-2.1\com.google.testing.platform\launcher\0.0.8-alpha07\47d15094202612b26f5a07fbfbe17ff8900a58c4\launcher-0.0.8-alpha07.jar
Launcher Type: SUN_STANDARD

[Global flags]
     intx CICompilerCount                          = 3                                         {product} {ergonomic}
     uint ConcGCThreads                            = 1                                         {product} {ergonomic}
     uint G1ConcRefinementThreads                  = 4                                         {product} {ergonomic}
   size_t G1HeapRegionSize                         = 1048576                                   {product} {ergonomic}
    uintx GCDrainStackTargetSize                   = 64                                        {product} {ergonomic}
   size_t InitialHeapSize                          = 134217728                                 {product} {ergonomic}
   size_t MarkStackSize                            = 4194304                                   {product} {ergonomic}
   size_t MaxHeapSize                              = 2118123520                                {product} {ergonomic}
   size_t MaxNewSize                               = 1270874112                                {product} {ergonomic}
   size_t MinHeapDeltaBytes                        = 1048576                                   {product} {ergonomic}
    uintx NonNMethodCodeHeapSize                   = 5830732                                {pd product} {ergonomic}
    uintx NonProfiledCodeHeapSize                  = 122913754                              {pd product} {ergonomic}
    uintx ProfiledCodeHeapSize                     = 122913754                              {pd product} {ergonomic}
    uintx ReservedCodeCacheSize                    = 251658240                              {pd product} {ergonomic}
     bool SegmentedCodeCache                       = true                                      {product} {ergonomic}
     bool UseCompressedClassPointers               = true                                 {lp64_product} {ergonomic}
     bool UseCompressedOops                        = true                                 {lp64_product} {ergonomic}
     bool UseG1GC                                  = true                                      {product} {ergonomic}
     bool UseLargePagesIndividualAllocation        = false                                  {pd product} {ergonomic}

Logging:
Log output configuration:
 #0: stdout all=warning uptime,level,tags
 #1: stderr all=off uptime,level,tags

Environment Variables:
JAVA_HOME=C:\Program Files\Java\jdk-19
PATH=C:\oraclexe\app\oracle\product\11.2.0\server\bin;C:\Program Files\Common Files\Oracle\Java\javapath;C:\Program Files (x86)\Common Files\Oracle\Java\javapath;C:\Windows\system32;C:\Windows;C:\Windows\System32\Wbem;C:\Windows\System32\WindowsPowerShell\v1.0\;C:\Windows\System32\OpenSSH\;C:\Program Files (x86)\NVIDIA Corporation\PhysX\Common;C:\Program Files\NVIDIA Corporation\NVIDIA NvDLISR;C:\WINDOWS\system32;C:\WINDOWS;C:\WINDOWS\System32\Wbem;C:\WINDOWS\System32\WindowsPowerShell\v1.0\;C:\WINDOWS\System32\OpenSSH\;C:\Program Files\Java\jdk-19\bin;C:\Program Files\Git\cmd;C:\Program Files\Git\mingw64\bin;C:\Program Files\Git\usr\bin;C:\Program Files (x86)\Microsoft SQL Server\160\DTS\Binn\;C:\Program Files\Azure Data Studio\bin;C:\Users\HP\AppData\Local\Programs\Python\Python310\Scripts\;C:\Users\HP\AppData\Local\Programs\Python\Python310\;C:\Users\HP\AppData\Local\Microsoft\WindowsApps;C:\MinGW\bin;C:\Users\HP\AppData\Local\Programs\Microsoft VS Code\bin;C:\Program Files\Azure Data Studio\bin
USERNAME=HP
OS=Windows_NT
PROCESSOR_IDENTIFIER=Intel64 Family 6 Model 142 Stepping 12, GenuineIntel



---------------  S Y S T E M  ---------------

OS: Windows 11 , 64 bit Build 22000 (10.0.22000.1516)
OS uptime: 3 days 2:30 hours

CPU:total 4 (initial active 4) (2 cores per cpu, 2 threads per core) family 6 model 142 stepping 12 microcode 0xea, cmov, cx8, fxsr, mmx, sse, sse2, sse3, ssse3, sse4.1, sse4.2, popcnt, avx, avx2, aes, clmul, erms, 3dnowpref, lzcnt, ht, tsc, tscinvbit, bmi1, bmi2, adx, fma

Memory: 4k page, system-wide physical 8079M (1076M free)
TotalPageFile size 14529M (AvailPageFile size 0M)
current process WorkingSet (physical memory assigned to process): 60M, peak: 60M
current process commit charge ("private bytes"): 206M, peak: 207M

vm_info: OpenJDK 64-Bit Server VM (11.0.13+0-b1751.21-8125866) for windows-amd64 JRE (11.0.13+0-b1751.21-8125866), built on Feb  2 2022 03:00:22 by "builder" with MS VC++ 14.0 (VS2015)

END.
